This file contains any messages produced by compilers while
running configure, to aid debugging if configure makes a mistake.

It was created by libX11 configure 1.3.2, which was
generated by GNU Autoconf 2.63.  Invocation command line was

  $ ./configure --prefix=/home/xeno1/rexeno/rexeno/3rdparties/linux-ububuntu-10-04-noxeno/target/x11/

## --------- ##
## Platform. ##
## --------- ##

hostname = xeno1-desktop
uname -m = i686
uname -r = 2.6.32-24-generic
uname -s = Linux
uname -v = #39-Ubuntu SMP Wed Jul 28 06:07:29 UTC 2010

/usr/bin/uname -p = unknown
/bin/uname -X     = unknown

/bin/arch              = unknown
/usr/bin/arch -k       = unknown
/usr/convex/getsysinfo = unknown
/usr/bin/hostinfo      = unknown
/bin/machine           = unknown
/usr/bin/oslevel       = unknown
/bin/universe          = unknown

PATH: /usr/local/sbin
PATH: /usr/local/bin
PATH: /usr/sbin
PATH: /usr/bin
PATH: /sbin
PATH: /bin
PATH: /usr/games


## ----------- ##
## Core tests. ##
## ----------- ##

configure:2282: checking for a BSD-compatible install
configure:2350: result: /usr/bin/install -c
configure:2361: checking whether build environment is sane
configure:2421: result: yes
configure:2562: checking for a thread-safe mkdir -p
configure:2601: result: /bin/mkdir -p
configure:2614: checking for gawk
configure:2630: found /usr/bin/gawk
configure:2641: result: gawk
configure:2652: checking whether make sets $(MAKE)
configure:2674: result: yes
configure:2758: checking whether to enable maintainer-specific portions of Makefiles
configure:2767: result: no
configure:2814: checking for style of include used by make
configure:2842: result: GNU
configure:2912: checking for gcc
configure:2928: found /usr/bin/gcc
configure:2939: result: gcc
configure:3171: checking for C compiler version
configure:3179: gcc --version >&5
gcc (Ubuntu 4.4.3-4ubuntu5.1) 4.4.3
Copyright (C) 2009 Free Software Foundation, Inc.
This is free software; see the source for copying conditions.  There is NO
warranty; not even for MERCHANTABILITY or FITNESS FOR A PARTICULAR PURPOSE.

configure:3183: $? = 0
configure:3190: gcc -v >&5
Using built-in specs.
Target: i486-linux-gnu
Configured with: ../src/configure -v --with-pkgversion='Ubuntu 4.4.3-4ubuntu5.1' --with-bugurl=file:///usr/share/doc/gcc-4.4/README.Bugs --enable-languages=c,c++,fortran,objc,obj-c++ --prefix=/usr --enable-shared --enable-multiarch --enable-linker-build-id --with-system-zlib --libexecdir=/usr/lib --without-included-gettext --enable-threads=posix --with-gxx-include-dir=/usr/include/c++/4.4 --program-suffix=-4.4 --enable-nls --enable-clocale=gnu --enable-libstdcxx-debug --enable-plugin --enable-objc-gc --enable-targets=all --disable-werror --with-arch-32=i486 --with-tune=generic --enable-checking=release --build=i486-linux-gnu --host=i486-linux-gnu --target=i486-linux-gnu
Thread model: posix
gcc version 4.4.3 (Ubuntu 4.4.3-4ubuntu5.1) 
configure:3194: $? = 0
configure:3201: gcc -V >&5
gcc: '-V' option must have argument
configure:3205: $? = 1
configure:3228: checking for C compiler default output file name
configure:3250: gcc    conftest.c  >&5
configure:3254: $? = 0
configure:3292: result: a.out
configure:3311: checking whether the C compiler works
configure:3321: ./a.out
configure:3325: $? = 0
configure:3344: result: yes
configure:3351: checking whether we are cross compiling
configure:3353: result: no
configure:3356: checking for suffix of executables
configure:3363: gcc -o conftest    conftest.c  >&5
configure:3367: $? = 0
configure:3393: result: 
configure:3399: checking for suffix of object files
configure:3425: gcc -c   conftest.c >&5
configure:3429: $? = 0
configure:3454: result: o
configure:3458: checking whether we are using the GNU C compiler
configure:3487: gcc -c   conftest.c >&5
configure:3494: $? = 0
configure:3511: result: yes
configure:3520: checking whether gcc accepts -g
configure:3550: gcc -c -g  conftest.c >&5
configure:3557: $? = 0
configure:3658: result: yes
configure:3675: checking for gcc option to accept ISO C89
configure:3749: gcc  -c -g -O2  conftest.c >&5
configure:3756: $? = 0
configure:3779: result: none needed
configure:3799: checking dependency style of gcc
configure:3909: result: gcc3
configure:3930: checking how to run the C preprocessor
configure:3970: gcc -E  conftest.c
configure:3977: $? = 0
configure:4008: gcc -E  conftest.c
conftest.c:10:28: error: ac_nonexistent.h: No such file or directory
configure:4015: $? = 1
configure: failed program was:
| /* confdefs.h.  */
| #define PACKAGE_NAME "libX11"
| #define PACKAGE_TARNAME "libX11"
| #define PACKAGE_VERSION "1.3.2"
| #define PACKAGE_STRING "libX11 1.3.2"
| #define PACKAGE_BUGREPORT "https://bugs.freedesktop.org/enter_bug.cgi?product=xorg"
| #define PACKAGE "libX11"
| #define VERSION "1.3.2"
| /* end confdefs.h.  */
| #include <ac_nonexistent.h>
configure:4048: result: gcc -E
configure:4077: gcc -E  conftest.c
configure:4084: $? = 0
configure:4115: gcc -E  conftest.c
conftest.c:10:28: error: ac_nonexistent.h: No such file or directory
configure:4122: $? = 1
configure: failed program was:
| /* confdefs.h.  */
| #define PACKAGE_NAME "libX11"
| #define PACKAGE_TARNAME "libX11"
| #define PACKAGE_VERSION "1.3.2"
| #define PACKAGE_STRING "libX11 1.3.2"
| #define PACKAGE_BUGREPORT "https://bugs.freedesktop.org/enter_bug.cgi?product=xorg"
| #define PACKAGE "libX11"
| #define VERSION "1.3.2"
| /* end confdefs.h.  */
| #include <ac_nonexistent.h>
configure:4162: checking for grep that handles long lines and -e
configure:4222: result: /bin/grep
configure:4227: checking for egrep
configure:4291: result: /bin/grep -E
configure:4296: checking for ANSI C header files
configure:4326: gcc -c -g -O2  conftest.c >&5
configure:4333: $? = 0
configure:4432: gcc -o conftest -g -O2   conftest.c  >&5
configure:4436: $? = 0
configure:4442: ./conftest
configure:4446: $? = 0
configure:4464: result: yes
configure:4488: checking for sys/types.h
configure:4509: gcc -c -g -O2  conftest.c >&5
configure:4516: $? = 0
configure:4533: result: yes
configure:4488: checking for sys/stat.h
configure:4509: gcc -c -g -O2  conftest.c >&5
configure:4516: $? = 0
configure:4533: result: yes
configure:4488: checking for stdlib.h
configure:4509: gcc -c -g -O2  conftest.c >&5
configure:4516: $? = 0
configure:4533: result: yes
configure:4488: checking for string.h
configure:4509: gcc -c -g -O2  conftest.c >&5
configure:4516: $? = 0
configure:4533: result: yes
configure:4488: checking for memory.h
configure:4509: gcc -c -g -O2  conftest.c >&5
configure:4516: $? = 0
configure:4533: result: yes
configure:4488: checking for strings.h
configure:4509: gcc -c -g -O2  conftest.c >&5
configure:4516: $? = 0
configure:4533: result: yes
configure:4488: checking for inttypes.h
configure:4509: gcc -c -g -O2  conftest.c >&5
configure:4516: $? = 0
configure:4533: result: yes
configure:4488: checking for stdint.h
configure:4509: gcc -c -g -O2  conftest.c >&5
configure:4516: $? = 0
configure:4533: result: yes
configure:4488: checking for unistd.h
configure:4509: gcc -c -g -O2  conftest.c >&5
configure:4516: $? = 0
configure:4533: result: yes
configure:4558: checking minix/config.h usability
configure:4575: gcc -c -g -O2  conftest.c >&5
conftest.c:53:26: error: minix/config.h: No such file or directory
configure:4582: $? = 1
configure: failed program was:
| /* confdefs.h.  */
| #define PACKAGE_NAME "libX11"
| #define PACKAGE_TARNAME "libX11"
| #define PACKAGE_VERSION "1.3.2"
| #define PACKAGE_STRING "libX11 1.3.2"
| #define PACKAGE_BUGREPORT "https://bugs.freedesktop.org/enter_bug.cgi?product=xorg"
| #define PACKAGE "libX11"
| #define VERSION "1.3.2"
| #define STDC_HEADERS 1
| #define HAVE_SYS_TYPES_H 1
| #define HAVE_SYS_STAT_H 1
| #define HAVE_STDLIB_H 1
| #define HAVE_STRING_H 1
| #define HAVE_MEMORY_H 1
| #define HAVE_STRINGS_H 1
| #define HAVE_INTTYPES_H 1
| #define HAVE_STDINT_H 1
| #define HAVE_UNISTD_H 1
| /* end confdefs.h.  */
| #include <stdio.h>
| #ifdef HAVE_SYS_TYPES_H
| # include <sys/types.h>
| #endif
| #ifdef HAVE_SYS_STAT_H
| # include <sys/stat.h>
| #endif
| #ifdef STDC_HEADERS
| # include <stdlib.h>
| # include <stddef.h>
| #else
| # ifdef HAVE_STDLIB_H
| #  include <stdlib.h>
| # endif
| #endif
| #ifdef HAVE_STRING_H
| # if !defined STDC_HEADERS && defined HAVE_MEMORY_H
| #  include <memory.h>
| # endif
| # include <string.h>
| #endif
| #ifdef HAVE_STRINGS_H
| # include <strings.h>
| #endif
| #ifdef HAVE_INTTYPES_H
| # include <inttypes.h>
| #endif
| #ifdef HAVE_STDINT_H
| # include <stdint.h>
| #endif
| #ifdef HAVE_UNISTD_H
| # include <unistd.h>
| #endif
| #include <minix/config.h>
configure:4596: result: no
configure:4600: checking minix/config.h presence
configure:4615: gcc -E  conftest.c
conftest.c:20:26: error: minix/config.h: No such file or directory
configure:4622: $? = 1
configure: failed program was:
| /* confdefs.h.  */
| #define PACKAGE_NAME "libX11"
| #define PACKAGE_TARNAME "libX11"
| #define PACKAGE_VERSION "1.3.2"
| #define PACKAGE_STRING "libX11 1.3.2"
| #define PACKAGE_BUGREPORT "https://bugs.freedesktop.org/enter_bug.cgi?product=xorg"
| #define PACKAGE "libX11"
| #define VERSION "1.3.2"
| #define STDC_HEADERS 1
| #define HAVE_SYS_TYPES_H 1
| #define HAVE_SYS_STAT_H 1
| #define HAVE_STDLIB_H 1
| #define HAVE_STRING_H 1
| #define HAVE_MEMORY_H 1
| #define HAVE_STRINGS_H 1
| #define HAVE_INTTYPES_H 1
| #define HAVE_STDINT_H 1
| #define HAVE_UNISTD_H 1
| /* end confdefs.h.  */
| #include <minix/config.h>
configure:4636: result: no
configure:4669: checking for minix/config.h
configure:4676: result: no
configure:4707: checking whether it is safe to define __EXTENSIONS__
configure:4735: gcc -c -g -O2  conftest.c >&5
configure:4742: $? = 0
configure:4757: result: yes
configure:4861: checking build system type
configure:4879: result: i686-pc-linux-gnu
configure:4901: checking host system type
configure:4916: result: i686-pc-linux-gnu
configure:4938: checking for a sed that does not truncate output
configure:4994: result: /bin/sed
configure:5008: checking for ld used by gcc
configure:5075: result: /usr/bin/ld
configure:5084: checking if the linker (/usr/bin/ld) is GNU ld
configure:5099: result: yes
configure:5104: checking for /usr/bin/ld option to reload object files
configure:5111: result: -r
configure:5129: checking for BSD-compatible nm
configure:5178: result: /usr/bin/nm -B
configure:5182: checking whether ln -s works
configure:5186: result: yes
configure:5193: checking how to recognize dependent libraries
configure:5379: result: pass_all
configure:5638: checking dlfcn.h usability
configure:5655: gcc -c -g -O2  conftest.c >&5
configure:5662: $? = 0
configure:5676: result: yes
configure:5680: checking dlfcn.h presence
configure:5695: gcc -E  conftest.c
configure:5702: $? = 0
configure:5716: result: yes
configure:5749: checking for dlfcn.h
configure:5758: result: yes
configure:5831: checking for g++
configure:5847: found /usr/bin/g++
configure:5858: result: g++
configure:5885: checking for C++ compiler version
configure:5893: g++ --version >&5
g++ (Ubuntu 4.4.3-4ubuntu5.1) 4.4.3
Copyright (C) 2009 Free Software Foundation, Inc.
This is free software; see the source for copying conditions.  There is NO
warranty; not even for MERCHANTABILITY or FITNESS FOR A PARTICULAR PURPOSE.

configure:5897: $? = 0
configure:5904: g++ -v >&5
Using built-in specs.
Target: i486-linux-gnu
Configured with: ../src/configure -v --with-pkgversion='Ubuntu 4.4.3-4ubuntu5.1' --with-bugurl=file:///usr/share/doc/gcc-4.4/README.Bugs --enable-languages=c,c++,fortran,objc,obj-c++ --prefix=/usr --enable-shared --enable-multiarch --enable-linker-build-id --with-system-zlib --libexecdir=/usr/lib --without-included-gettext --enable-threads=posix --with-gxx-include-dir=/usr/include/c++/4.4 --program-suffix=-4.4 --enable-nls --enable-clocale=gnu --enable-libstdcxx-debug --enable-plugin --enable-objc-gc --enable-targets=all --disable-werror --with-arch-32=i486 --with-tune=generic --enable-checking=release --build=i486-linux-gnu --host=i486-linux-gnu --target=i486-linux-gnu
Thread model: posix
gcc version 4.4.3 (Ubuntu 4.4.3-4ubuntu5.1) 
configure:5908: $? = 0
configure:5915: g++ -V >&5
g++: '-V' option must have argument
configure:5919: $? = 1
configure:5922: checking whether we are using the GNU C++ compiler
configure:5951: g++ -c   conftest.cpp >&5
configure:5958: $? = 0
configure:5975: result: yes
configure:5984: checking whether g++ accepts -g
configure:6014: g++ -c -g  conftest.cpp >&5
configure:6021: $? = 0
configure:6122: result: yes
configure:6147: checking dependency style of g++
configure:6257: result: gcc3
configure:6282: checking how to run the C++ preprocessor
configure:6318: g++ -E  conftest.cpp
configure:6325: $? = 0
configure:6356: g++ -E  conftest.cpp
conftest.cpp:26:28: error: ac_nonexistent.h: No such file or directory
configure:6363: $? = 1
configure: failed program was:
| /* confdefs.h.  */
| #define PACKAGE_NAME "libX11"
| #define PACKAGE_TARNAME "libX11"
| #define PACKAGE_VERSION "1.3.2"
| #define PACKAGE_STRING "libX11 1.3.2"
| #define PACKAGE_BUGREPORT "https://bugs.freedesktop.org/enter_bug.cgi?product=xorg"
| #define PACKAGE "libX11"
| #define VERSION "1.3.2"
| #define STDC_HEADERS 1
| #define HAVE_SYS_TYPES_H 1
| #define HAVE_SYS_STAT_H 1
| #define HAVE_STDLIB_H 1
| #define HAVE_STRING_H 1
| #define HAVE_MEMORY_H 1
| #define HAVE_STRINGS_H 1
| #define HAVE_INTTYPES_H 1
| #define HAVE_STDINT_H 1
| #define HAVE_UNISTD_H 1
| #define __EXTENSIONS__ 1
| #define _ALL_SOURCE 1
| #define _GNU_SOURCE 1
| #define _POSIX_PTHREAD_SEMANTICS 1
| #define _TANDEM_SOURCE 1
| #define HAVE_DLFCN_H 1
| /* end confdefs.h.  */
| #include <ac_nonexistent.h>
configure:6396: result: g++ -E
configure:6425: g++ -E  conftest.cpp
configure:6432: $? = 0
configure:6463: g++ -E  conftest.cpp
conftest.cpp:26:28: error: ac_nonexistent.h: No such file or directory
configure:6470: $? = 1
configure: failed program was:
| /* confdefs.h.  */
| #define PACKAGE_NAME "libX11"
| #define PACKAGE_TARNAME "libX11"
| #define PACKAGE_VERSION "1.3.2"
| #define PACKAGE_STRING "libX11 1.3.2"
| #define PACKAGE_BUGREPORT "https://bugs.freedesktop.org/enter_bug.cgi?product=xorg"
| #define PACKAGE "libX11"
| #define VERSION "1.3.2"
| #define STDC_HEADERS 1
| #define HAVE_SYS_TYPES_H 1
| #define HAVE_SYS_STAT_H 1
| #define HAVE_STDLIB_H 1
| #define HAVE_STRING_H 1
| #define HAVE_MEMORY_H 1
| #define HAVE_STRINGS_H 1
| #define HAVE_INTTYPES_H 1
| #define HAVE_STDINT_H 1
| #define HAVE_UNISTD_H 1
| #define __EXTENSIONS__ 1
| #define _ALL_SOURCE 1
| #define _GNU_SOURCE 1
| #define _POSIX_PTHREAD_SEMANTICS 1
| #define _TANDEM_SOURCE 1
| #define HAVE_DLFCN_H 1
| /* end confdefs.h.  */
| #include <ac_nonexistent.h>
configure:6565: checking for g77
configure:6595: result: no
configure:6565: checking for xlf
configure:6595: result: no
configure:6565: checking for f77
configure:6595: result: no
configure:6565: checking for frt
configure:6595: result: no
configure:6565: checking for pgf77
configure:6595: result: no
configure:6565: checking for cf77
configure:6595: result: no
configure:6565: checking for fort77
configure:6595: result: no
configure:6565: checking for fl32
configure:6595: result: no
configure:6565: checking for af77
configure:6595: result: no
configure:6565: checking for xlf90
configure:6595: result: no
configure:6565: checking for f90
configure:6595: result: no
configure:6565: checking for pgf90
configure:6595: result: no
configure:6565: checking for pghpf
configure:6595: result: no
configure:6565: checking for epcf90
configure:6595: result: no
configure:6565: checking for gfortran
configure:6595: result: no
configure:6565: checking for g95
configure:6595: result: no
configure:6565: checking for xlf95
configure:6595: result: no
configure:6565: checking for f95
configure:6595: result: no
configure:6565: checking for fort
configure:6595: result: no
configure:6565: checking for ifort
configure:6595: result: no
configure:6565: checking for ifc
configure:6595: result: no
configure:6565: checking for efc
configure:6595: result: no
configure:6565: checking for pgf95
configure:6595: result: no
configure:6565: checking for lf95
configure:6595: result: no
configure:6565: checking for ftn
configure:6595: result: no
configure:6618: checking for Fortran 77 compiler version
configure:6626:  --version >&5
./configure: line 6628: --version: command not found
configure:6630: $? = 127
configure:6637:  -v >&5
./configure: line 6639: -v: command not found
configure:6641: $? = 127
configure:6648:  -V >&5
./configure: line 6650: -V: command not found
configure:6652: $? = 127
configure:6660: checking whether we are using the GNU Fortran 77 compiler
configure:6679:  -c  conftest.F >&5
./configure: line 6681: -c: command not found
configure:6686: $? = 127
configure: failed program was:
|       program main
| #ifndef __GNUC__
|        choke me
| #endif
| 
|       end
configure:6703: result: no
configure:6709: checking whether  accepts -g
configure:6726:  -c -g conftest.f >&5
./configure: line 6728: -c: command not found
configure:6733: $? = 127
configure: failed program was:
|       program main
| 
|       end
configure:6749: result: no
configure:6782: checking the maximum length of command line arguments
configure:6894: result: 1572864
configure:6906: checking command to parse /usr/bin/nm -B output from gcc object
configure:7011: gcc -c -g -O2  conftest.c >&5
configure:7014: $? = 0
configure:7018: /usr/bin/nm -B conftest.o \| sed -n -e 's/^.*[ 	]\([ABCDGIRSTW][ABCDGIRSTW]*\)[ 	][ 	]*\([_A-Za-z][_A-Za-z0-9]*\)$/\1 \2 \2/p' \> conftest.nm
configure:7021: $? = 0
configure:7073: gcc -o conftest -g -O2   conftest.c conftstm.o >&5
configure:7076: $? = 0
configure:7114: result: ok
configure:7118: checking for objdir
configure:7133: result: .libs
configure:7225: checking for ar
configure:7241: found /usr/bin/ar
configure:7252: result: ar
configure:7317: checking for ranlib
configure:7333: found /usr/bin/ranlib
configure:7344: result: ranlib
configure:7409: checking for strip
configure:7425: found /usr/bin/strip
configure:7436: result: strip
configure:8026: checking if gcc supports -fno-rtti -fno-exceptions
configure:8044: gcc -c -g -O2  -fno-rtti -fno-exceptions conftest.c >&5
cc1: warning: command line option "-fno-rtti" is valid for C++/ObjC++ but not for C
configure:8048: $? = 0
configure:8061: result: no
configure:8076: checking for gcc option to produce PIC
configure:8308: result: -fPIC
configure:8316: checking if gcc PIC flag -fPIC works
configure:8334: gcc -c -g -O2  -fPIC -DPIC conftest.c >&5
configure:8338: $? = 0
configure:8351: result: yes
configure:8379: checking if gcc static flag -static works
configure:8407: result: yes
configure:8417: checking if gcc supports -c -o file.o
configure:8438: gcc -c -g -O2  -o out/conftest2.o conftest.c >&5
configure:8442: $? = 0
configure:8464: result: yes
configure:8490: checking whether the gcc linker (/usr/bin/ld) supports shared libraries
configure:9478: result: yes
configure:9499: checking whether -lc should be explicitly linked in
configure:9504: gcc -c -g -O2  conftest.c >&5
configure:9507: $? = 0
configure:9522: gcc -shared conftest.o  -v -Wl,-soname -Wl,conftest -o conftest 2\>\&1 \| grep  -lc  \>/dev/null 2\>\&1
configure:9525: $? = 0
configure:9537: result: no
configure:9545: checking dynamic linker characteristics
configure:10147: result: GNU/Linux ld.so
configure:10171: checking how to hardcode library paths into programs
configure:10196: result: immediate
configure:10210: checking whether stripping libraries is possible
configure:10215: result: yes
configure:11045: checking if libtool supports shared libraries
configure:11047: result: yes
configure:11050: checking whether to build shared libraries
configure:11071: result: yes
configure:11074: checking whether to build static libraries
configure:11078: result: yes
configure:11172: creating libtool
configure:11765: checking for ld used by g++
configure:11832: result: /usr/bin/ld
configure:11841: checking if the linker (/usr/bin/ld) is GNU ld
configure:11856: result: yes
configure:11907: checking whether the g++ linker (/usr/bin/ld) supports shared libraries
configure:12861: result: yes
configure:12878: g++ -c -g -O2  conftest.cpp >&5
configure:12881: $? = 0
configure:13037: checking for g++ option to produce PIC
configure:13321: result: -fPIC
configure:13329: checking if g++ PIC flag -fPIC works
configure:13347: g++ -c -g -O2  -fPIC -DPIC conftest.cpp >&5
configure:13351: $? = 0
configure:13364: result: yes
configure:13392: checking if g++ static flag -static works
configure:13420: result: yes
configure:13430: checking if g++ supports -c -o file.o
configure:13451: g++ -c -g -O2  -o out/conftest2.o conftest.cpp >&5
configure:13455: $? = 0
configure:13477: result: yes
configure:13503: checking whether the g++ linker (/usr/bin/ld) supports shared libraries
configure:13529: result: yes
configure:13596: checking dynamic linker characteristics
configure:14146: result: GNU/Linux ld.so
configure:14170: checking how to hardcode library paths into programs
configure:14195: result: immediate
configure:20438: checking for bash
configure:20456: found /bin/bash
configure:20468: result: /bin/bash
configure:20476: checking if dolt supports this host
configure:20506: result: yes, replacing libtool
configure:20680: checking for gcc
configure:20707: result: gcc
configure:20939: checking for C compiler version
configure:20947: gcc --version >&5
gcc (Ubuntu 4.4.3-4ubuntu5.1) 4.4.3
Copyright (C) 2009 Free Software Foundation, Inc.
This is free software; see the source for copying conditions.  There is NO
warranty; not even for MERCHANTABILITY or FITNESS FOR A PARTICULAR PURPOSE.

configure:20951: $? = 0
configure:20958: gcc -v >&5
Using built-in specs.
Target: i486-linux-gnu
Configured with: ../src/configure -v --with-pkgversion='Ubuntu 4.4.3-4ubuntu5.1' --with-bugurl=file:///usr/share/doc/gcc-4.4/README.Bugs --enable-languages=c,c++,fortran,objc,obj-c++ --prefix=/usr --enable-shared --enable-multiarch --enable-linker-build-id --with-system-zlib --libexecdir=/usr/lib --without-included-gettext --enable-threads=posix --with-gxx-include-dir=/usr/include/c++/4.4 --program-suffix=-4.4 --enable-nls --enable-clocale=gnu --enable-libstdcxx-debug --enable-plugin --enable-objc-gc --enable-targets=all --disable-werror --with-arch-32=i486 --with-tune=generic --enable-checking=release --build=i486-linux-gnu --host=i486-linux-gnu --target=i486-linux-gnu
Thread model: posix
gcc version 4.4.3 (Ubuntu 4.4.3-4ubuntu5.1) 
configure:20962: $? = 0
configure:20969: gcc -V >&5
gcc: '-V' option must have argument
configure:20973: $? = 1
configure:20976: checking whether we are using the GNU C compiler
configure:21029: result: yes
configure:21038: checking whether gcc accepts -g
configure:21176: result: yes
configure:21193: checking for gcc option to accept ISO C89
configure:21297: result: none needed
configure:21317: checking dependency style of gcc
configure:21427: result: gcc3
configure:21442: checking for gcc option to accept ISO C99
configure:21601: gcc  -c -g -O2  conftest.c >&5
conftest.c:76: error: expected ';', ',' or ')' before 'text'
conftest.c: In function 'main':
conftest.c:130: error: expected '=', ',', ';', 'asm' or '__attribute__' before 'newvar'
conftest.c:130: error: 'newvar' undeclared (first use in this function)
conftest.c:130: error: (Each undeclared identifier is reported only once
conftest.c:130: error: for each function it appears in.)
conftest.c:140: error: 'for' loop initial declarations are only allowed in C99 mode
conftest.c:140: note: use option -std=c99 or -std=gnu99 to compile your code
configure:21608: $? = 1
configure: failed program was:
| /* confdefs.h.  */
| #define PACKAGE_NAME "libX11"
| #define PACKAGE_TARNAME "libX11"
| #define PACKAGE_VERSION "1.3.2"
| #define PACKAGE_STRING "libX11 1.3.2"
| #define PACKAGE_BUGREPORT "https://bugs.freedesktop.org/enter_bug.cgi?product=xorg"
| #define PACKAGE "libX11"
| #define VERSION "1.3.2"
| #define STDC_HEADERS 1
| #define HAVE_SYS_TYPES_H 1
| #define HAVE_SYS_STAT_H 1
| #define HAVE_STDLIB_H 1
| #define HAVE_STRING_H 1
| #define HAVE_MEMORY_H 1
| #define HAVE_STRINGS_H 1
| #define HAVE_INTTYPES_H 1
| #define HAVE_STDINT_H 1
| #define HAVE_UNISTD_H 1
| #define __EXTENSIONS__ 1
| #define _ALL_SOURCE 1
| #define _GNU_SOURCE 1
| #define _POSIX_PTHREAD_SEMANTICS 1
| #define _TANDEM_SOURCE 1
| #define HAVE_DLFCN_H 1
| /* end confdefs.h.  */
| #include <stdarg.h>
| #include <stdbool.h>
| #include <stdlib.h>
| #include <wchar.h>
| #include <stdio.h>
| 
| // Check varargs macros.  These examples are taken from C99 6.10.3.5.
| #define debug(...) fprintf (stderr, __VA_ARGS__)
| #define showlist(...) puts (#__VA_ARGS__)
| #define report(test,...) ((test) ? puts (#test) : printf (__VA_ARGS__))
| static void
| test_varargs_macros (void)
| {
|   int x = 1234;
|   int y = 5678;
|   debug ("Flag");
|   debug ("X = %d\n", x);
|   showlist (The first, second, and third items.);
|   report (x>y, "x is %d but y is %d", x, y);
| }
| 
| // Check long long types.
| #define BIG64 18446744073709551615ull
| #define BIG32 4294967295ul
| #define BIG_OK (BIG64 / BIG32 == 4294967297ull && BIG64 % BIG32 == 0)
| #if !BIG_OK
|   your preprocessor is broken;
| #endif
| #if BIG_OK
| #else
|   your preprocessor is broken;
| #endif
| static long long int bignum = -9223372036854775807LL;
| static unsigned long long int ubignum = BIG64;
| 
| struct incomplete_array
| {
|   int datasize;
|   double data[];
| };
| 
| struct named_init {
|   int number;
|   const wchar_t *name;
|   double average;
| };
| 
| typedef const char *ccp;
| 
| static inline int
| test_restrict (ccp restrict text)
| {
|   // See if C++-style comments work.
|   // Iterate through items via the restricted pointer.
|   // Also check for declarations in for loops.
|   for (unsigned int i = 0; *(text+i) != '\0'; ++i)
|     continue;
|   return 0;
| }
| 
| // Check varargs and va_copy.
| static void
| test_varargs (const char *format, ...)
| {
|   va_list args;
|   va_start (args, format);
|   va_list args_copy;
|   va_copy (args_copy, args);
| 
|   const char *str;
|   int number;
|   float fnumber;
| 
|   while (*format)
|     {
|       switch (*format++)
| 	{
| 	case 's': // string
| 	  str = va_arg (args_copy, const char *);
| 	  break;
| 	case 'd': // int
| 	  number = va_arg (args_copy, int);
| 	  break;
| 	case 'f': // float
| 	  fnumber = va_arg (args_copy, double);
| 	  break;
| 	default:
| 	  break;
| 	}
|     }
|   va_end (args_copy);
|   va_end (args);
| }
| 
| int
| main ()
| {
| 
|   // Check bool.
|   _Bool success = false;
| 
|   // Check restrict.
|   if (test_restrict ("String literal") == 0)
|     success = true;
|   char *restrict newvar = "Another string";
| 
|   // Check varargs.
|   test_varargs ("s, d' f .", "string", 65, 34.234);
|   test_varargs_macros ();
| 
|   // Check flexible array members.
|   struct incomplete_array *ia =
|     malloc (sizeof (struct incomplete_array) + (sizeof (double) * 10));
|   ia->datasize = 10;
|   for (int i = 0; i < ia->datasize; ++i)
|     ia->data[i] = i * 1.234;
| 
|   // Check named initializers.
|   struct named_init ni = {
|     .number = 34,
|     .name = L"Test wide string",
|     .average = 543.34343,
|   };
| 
|   ni.number = 58;
| 
|   int dynamic_array[ni.number];
|   dynamic_array[ni.number - 1] = 543;
| 
|   // work around unused variable warnings
|   return (!success || bignum == 0LL || ubignum == 0uLL || newvar[0] == 'x'
| 	  || dynamic_array[ni.number - 1] != 543);
| 
|   ;
|   return 0;
| }
configure:21601: gcc -std=gnu99 -c -g -O2  conftest.c >&5
configure:21608: $? = 0
configure:21638: result: -std=gnu99
configure:22052: checking for cpp
configure:22071: found /usr/bin/cpp
configure:22083: result: /usr/bin/cpp
configure:22099: checking if /usr/bin/cpp requires -undef
configure:22110: result: yes
configure:22125: checking if /usr/bin/cpp requires -traditional
configure:22136: result: yes
configure:22161: checking for perl
configure:22177: found /usr/bin/perl
configure:22188: result: perl
configure:22220: checking whether to use XCB
configure:22227: result: yes
configure:22288: checking for pkg-config
configure:22306: found /usr/bin/pkg-config
configure:22318: result: /usr/bin/pkg-config
configure:22343: checking pkg-config is at least version 0.9.0
configure:22346: result: yes
configure:22357: checking for XPROTO
configure:22364: $PKG_CONFIG --exists --print-errors "xproto >= 7.0.13"
configure:22367: $? = 0
configure:22380: $PKG_CONFIG --exists --print-errors "xproto >= 7.0.13"
configure:22383: $? = 0
configure:22460: result: yes
configure:22705: checking for X11
configure:22712: $PKG_CONFIG --exists --print-errors "xextproto xtrans $X11_REQUIRES"
configure:22715: $? = 0
configure:22728: $PKG_CONFIG --exists --print-errors "xextproto xtrans $X11_REQUIRES"
configure:22731: $? = 0
configure:22808: result: yes
configure:22816: checking return type of signal handlers
configure:22844: gcc -std=gnu99 -c -g -O2  conftest.c >&5
conftest.c: In function 'main':
conftest.c:36: error: void value not ignored as it ought to be
configure:22851: $? = 1
configure: failed program was:
| /* confdefs.h.  */
| #define PACKAGE_NAME "libX11"
| #define PACKAGE_TARNAME "libX11"
| #define PACKAGE_VERSION "1.3.2"
| #define PACKAGE_STRING "libX11 1.3.2"
| #define PACKAGE_BUGREPORT "https://bugs.freedesktop.org/enter_bug.cgi?product=xorg"
| #define PACKAGE "libX11"
| #define VERSION "1.3.2"
| #define STDC_HEADERS 1
| #define HAVE_SYS_TYPES_H 1
| #define HAVE_SYS_STAT_H 1
| #define HAVE_STDLIB_H 1
| #define HAVE_STRING_H 1
| #define HAVE_MEMORY_H 1
| #define HAVE_STRINGS_H 1
| #define HAVE_INTTYPES_H 1
| #define HAVE_STDINT_H 1
| #define HAVE_UNISTD_H 1
| #define __EXTENSIONS__ 1
| #define _ALL_SOURCE 1
| #define _GNU_SOURCE 1
| #define _POSIX_PTHREAD_SEMANTICS 1
| #define _TANDEM_SOURCE 1
| #define HAVE_DLFCN_H 1
| #define PACKAGE_VERSION_MAJOR 1
| #define PACKAGE_VERSION_MINOR 3
| #define PACKAGE_VERSION_PATCHLEVEL 2
| #define USE_XCB 1
| /* end confdefs.h.  */
| #include <sys/types.h>
| #include <signal.h>
| 
| int
| main ()
| {
| return *(signal (0, 0)) (0) == 1;
|   ;
|   return 0;
| }
configure:22866: result: void
configure:22888: checking if Xtrans should support UNIX socket connections
configure:22897: result: yes
configure:22906: checking if Xtrans should support TCP socket connections
configure:22908: result: yes
configure:22918: checking for library containing socket
configure:22959: gcc -std=gnu99 -o conftest -g -O2   conftest.c  >&5
configure:22966: $? = 0
configure:22997: result: none required
configure:23005: checking for library containing gethostbyname
configure:23046: gcc -std=gnu99 -o conftest -g -O2   conftest.c  >&5
configure:23053: $? = 0
configure:23084: result: none required
configure:23170: checking for getaddrinfo
configure:23226: gcc -std=gnu99 -o conftest -g -O2   conftest.c  >&5
configure:23233: $? = 0
configure:23253: result: yes
configure:23263: checking if IPv6 support should be built
configure:23272: result: yes
configure:23276: checking for struct sockaddr_in.sin_len
configure:23309: gcc -std=gnu99 -c -g -O2  conftest.c >&5
conftest.c: In function 'main':
conftest.c:44: error: 'struct sockaddr_in' has no member named 'sin_len'
configure:23316: $? = 1
configure: failed program was:
| /* confdefs.h.  */
| #define PACKAGE_NAME "libX11"
| #define PACKAGE_TARNAME "libX11"
| #define PACKAGE_VERSION "1.3.2"
| #define PACKAGE_STRING "libX11 1.3.2"
| #define PACKAGE_BUGREPORT "https://bugs.freedesktop.org/enter_bug.cgi?product=xorg"
| #define PACKAGE "libX11"
| #define VERSION "1.3.2"
| #define STDC_HEADERS 1
| #define HAVE_SYS_TYPES_H 1
| #define HAVE_SYS_STAT_H 1
| #define HAVE_STDLIB_H 1
| #define HAVE_STRING_H 1
| #define HAVE_MEMORY_H 1
| #define HAVE_STRINGS_H 1
| #define HAVE_INTTYPES_H 1
| #define HAVE_STDINT_H 1
| #define HAVE_UNISTD_H 1
| #define __EXTENSIONS__ 1
| #define _ALL_SOURCE 1
| #define _GNU_SOURCE 1
| #define _POSIX_PTHREAD_SEMANTICS 1
| #define _TANDEM_SOURCE 1
| #define HAVE_DLFCN_H 1
| #define PACKAGE_VERSION_MAJOR 1
| #define PACKAGE_VERSION_MINOR 3
| #define PACKAGE_VERSION_PATCHLEVEL 2
| #define USE_XCB 1
| #define RETSIGTYPE void
| #define UNIXCONN 1
| #define TCPCONN 1
| #define IPv6 1
| /* end confdefs.h.  */
| 
| #include <sys/types.h>
| #include <sys/socket.h>
| #include <netinet/in.h>
| 
| 
| int
| main ()
| {
| static struct sockaddr_in ac_aggr;
| if (ac_aggr.sin_len)
| return 0;
|   ;
|   return 0;
| }
configure:23354: gcc -std=gnu99 -c -g -O2  conftest.c >&5
conftest.c: In function 'main':
conftest.c:44: error: 'struct sockaddr_in' has no member named 'sin_len'
configure:23361: $? = 1
configure: failed program was:
| /* confdefs.h.  */
| #define PACKAGE_NAME "libX11"
| #define PACKAGE_TARNAME "libX11"
| #define PACKAGE_VERSION "1.3.2"
| #define PACKAGE_STRING "libX11 1.3.2"
| #define PACKAGE_BUGREPORT "https://bugs.freedesktop.org/enter_bug.cgi?product=xorg"
| #define PACKAGE "libX11"
| #define VERSION "1.3.2"
| #define STDC_HEADERS 1
| #define HAVE_SYS_TYPES_H 1
| #define HAVE_SYS_STAT_H 1
| #define HAVE_STDLIB_H 1
| #define HAVE_STRING_H 1
| #define HAVE_MEMORY_H 1
| #define HAVE_STRINGS_H 1
| #define HAVE_INTTYPES_H 1
| #define HAVE_STDINT_H 1
| #define HAVE_UNISTD_H 1
| #define __EXTENSIONS__ 1
| #define _ALL_SOURCE 1
| #define _GNU_SOURCE 1
| #define _POSIX_PTHREAD_SEMANTICS 1
| #define _TANDEM_SOURCE 1
| #define HAVE_DLFCN_H 1
| #define PACKAGE_VERSION_MAJOR 1
| #define PACKAGE_VERSION_MINOR 3
| #define PACKAGE_VERSION_PATCHLEVEL 2
| #define USE_XCB 1
| #define RETSIGTYPE void
| #define UNIXCONN 1
| #define TCPCONN 1
| #define IPv6 1
| /* end confdefs.h.  */
| 
| #include <sys/types.h>
| #include <sys/socket.h>
| #include <netinet/in.h>
| 
| 
| int
| main ()
| {
| static struct sockaddr_in ac_aggr;
| if (sizeof ac_aggr.sin_len)
| return 0;
|   ;
|   return 0;
| }
configure:23379: result: no
configure:23391: checking for socklen_t
configure:23422: gcc -std=gnu99 -c -g -O2  conftest.c >&5
configure:23429: $? = 0
configure:23459: gcc -std=gnu99 -c -g -O2  conftest.c >&5
conftest.c: In function 'main':
conftest.c:73: error: expected expression before ')' token
configure:23466: $? = 1
configure: failed program was:
| /* confdefs.h.  */
| #define PACKAGE_NAME "libX11"
| #define PACKAGE_TARNAME "libX11"
| #define PACKAGE_VERSION "1.3.2"
| #define PACKAGE_STRING "libX11 1.3.2"
| #define PACKAGE_BUGREPORT "https://bugs.freedesktop.org/enter_bug.cgi?product=xorg"
| #define PACKAGE "libX11"
| #define VERSION "1.3.2"
| #define STDC_HEADERS 1
| #define HAVE_SYS_TYPES_H 1
| #define HAVE_SYS_STAT_H 1
| #define HAVE_STDLIB_H 1
| #define HAVE_STRING_H 1
| #define HAVE_MEMORY_H 1
| #define HAVE_STRINGS_H 1
| #define HAVE_INTTYPES_H 1
| #define HAVE_STDINT_H 1
| #define HAVE_UNISTD_H 1
| #define __EXTENSIONS__ 1
| #define _ALL_SOURCE 1
| #define _GNU_SOURCE 1
| #define _POSIX_PTHREAD_SEMANTICS 1
| #define _TANDEM_SOURCE 1
| #define HAVE_DLFCN_H 1
| #define PACKAGE_VERSION_MAJOR 1
| #define PACKAGE_VERSION_MINOR 3
| #define PACKAGE_VERSION_PATCHLEVEL 2
| #define USE_XCB 1
| #define RETSIGTYPE void
| #define UNIXCONN 1
| #define TCPCONN 1
| #define IPv6 1
| /* end confdefs.h.  */
| 
| #include <stdio.h>
| #ifdef HAVE_SYS_TYPES_H
| # include <sys/types.h>
| #endif
| #ifdef HAVE_SYS_STAT_H
| # include <sys/stat.h>
| #endif
| #ifdef STDC_HEADERS
| # include <stdlib.h>
| # include <stddef.h>
| #else
| # ifdef HAVE_STDLIB_H
| #  include <stdlib.h>
| # endif
| #endif
| #ifdef HAVE_STRING_H
| # if !defined STDC_HEADERS && defined HAVE_MEMORY_H
| #  include <memory.h>
| # endif
| # include <string.h>
| #endif
| #ifdef HAVE_STRINGS_H
| # include <strings.h>
| #endif
| #ifdef HAVE_INTTYPES_H
| # include <inttypes.h>
| #endif
| #ifdef HAVE_STDINT_H
| # include <stdint.h>
| #endif
| #ifdef HAVE_UNISTD_H
| # include <unistd.h>
| #endif
| #include <sys/socket.h>
| 
| int
| main ()
| {
| if (sizeof ((socklen_t)))
| 	  return 0;
|   ;
|   return 0;
| }
configure:23489: result: yes
configure:23514: checking if Xtrans should support os-specific local connections
configure:23516: result: no
configure:23545: checking for authdes_seccreate
configure:23601: gcc -std=gnu99 -o conftest -g -O2   conftest.c  >&5
/tmp/ccBiMg0Q.o: In function `main':
/home/xeno1/rexeno/rexeno/3rdparties/linux-ububuntu-10-04-noxeno/src/x11/libx11-1.3.2/conftest.c:69: undefined reference to `authdes_seccreate'
collect2: ld returned 1 exit status
configure:23608: $? = 1
configure: failed program was:
| /* confdefs.h.  */
| #define PACKAGE_NAME "libX11"
| #define PACKAGE_TARNAME "libX11"
| #define PACKAGE_VERSION "1.3.2"
| #define PACKAGE_STRING "libX11 1.3.2"
| #define PACKAGE_BUGREPORT "https://bugs.freedesktop.org/enter_bug.cgi?product=xorg"
| #define PACKAGE "libX11"
| #define VERSION "1.3.2"
| #define STDC_HEADERS 1
| #define HAVE_SYS_TYPES_H 1
| #define HAVE_SYS_STAT_H 1
| #define HAVE_STDLIB_H 1
| #define HAVE_STRING_H 1
| #define HAVE_MEMORY_H 1
| #define HAVE_STRINGS_H 1
| #define HAVE_INTTYPES_H 1
| #define HAVE_STDINT_H 1
| #define HAVE_UNISTD_H 1
| #define __EXTENSIONS__ 1
| #define _ALL_SOURCE 1
| #define _GNU_SOURCE 1
| #define _POSIX_PTHREAD_SEMANTICS 1
| #define _TANDEM_SOURCE 1
| #define HAVE_DLFCN_H 1
| #define PACKAGE_VERSION_MAJOR 1
| #define PACKAGE_VERSION_MINOR 3
| #define PACKAGE_VERSION_PATCHLEVEL 2
| #define USE_XCB 1
| #define RETSIGTYPE void
| #define UNIXCONN 1
| #define TCPCONN 1
| #define IPv6 1
| #define HAVE_SOCKLEN_T 1
| /* end confdefs.h.  */
| /* Define authdes_seccreate to an innocuous variant, in case <limits.h> declares authdes_seccreate.
|    For example, HP-UX 11i <limits.h> declares gettimeofday.  */
| #define authdes_seccreate innocuous_authdes_seccreate
| 
| /* System header to define __stub macros and hopefully few prototypes,
|     which can conflict with char authdes_seccreate (); below.
|     Prefer <limits.h> to <assert.h> if __STDC__ is defined, since
|     <limits.h> exists even on freestanding compilers.  */
| 
| #ifdef __STDC__
| # include <limits.h>
| #else
| # include <assert.h>
| #endif
| 
| #undef authdes_seccreate
| 
| /* Override any GCC internal prototype to avoid an error.
|    Use char because int might match the return type of a GCC
|    builtin and then its argument prototype would still apply.  */
| #ifdef __cplusplus
| extern "C"
| #endif
| char authdes_seccreate ();
| /* The GNU C library defines this for functions which it implements
|     to always fail with ENOSYS.  Some functions are actually named
|     something starting with __ and the normal name is an alias.  */
| #if defined __stub_authdes_seccreate || defined __stub___authdes_seccreate
| choke me
| #endif
| 
| int
| main ()
| {
| return authdes_seccreate ();
|   ;
|   return 0;
| }
configure:23630: result: no
configure:23545: checking for authdes_create
configure:23601: gcc -std=gnu99 -o conftest -g -O2   conftest.c  >&5
configure:23608: $? = 0
configure:23630: result: yes
configure:23650: checking for library containing getsecretkey
configure:23691: gcc -std=gnu99 -o conftest -g -O2   conftest.c  >&5
configure:23698: $? = 0
configure:23729: result: none required
configure:23740: checking if Secure RPC authentication ("SUN-DES-1") should be supported
configure:23749: result: yes
configure:23754: checking what order to try transports in for local connections
configure:23785: result: UNIX_TRANS,TCP_TRANS
configure:23789: checking if run-time linking is supported
configure:23791: checking for library containing dlopen
configure:23832: gcc -std=gnu99 -o conftest -g -O2   conftest.c  >&5
/tmp/ccnnFY5o.o: In function `main':
/home/xeno1/rexeno/rexeno/3rdparties/linux-ububuntu-10-04-noxeno/src/x11/libx11-1.3.2/conftest.c:49: undefined reference to `dlopen'
collect2: ld returned 1 exit status
configure:23839: $? = 1
configure: failed program was:
| /* confdefs.h.  */
| #define PACKAGE_NAME "libX11"
| #define PACKAGE_TARNAME "libX11"
| #define PACKAGE_VERSION "1.3.2"
| #define PACKAGE_STRING "libX11 1.3.2"
| #define PACKAGE_BUGREPORT "https://bugs.freedesktop.org/enter_bug.cgi?product=xorg"
| #define PACKAGE "libX11"
| #define VERSION "1.3.2"
| #define STDC_HEADERS 1
| #define HAVE_SYS_TYPES_H 1
| #define HAVE_SYS_STAT_H 1
| #define HAVE_STDLIB_H 1
| #define HAVE_STRING_H 1
| #define HAVE_MEMORY_H 1
| #define HAVE_STRINGS_H 1
| #define HAVE_INTTYPES_H 1
| #define HAVE_STDINT_H 1
| #define HAVE_UNISTD_H 1
| #define __EXTENSIONS__ 1
| #define _ALL_SOURCE 1
| #define _GNU_SOURCE 1
| #define _POSIX_PTHREAD_SEMANTICS 1
| #define _TANDEM_SOURCE 1
| #define HAVE_DLFCN_H 1
| #define PACKAGE_VERSION_MAJOR 1
| #define PACKAGE_VERSION_MINOR 3
| #define PACKAGE_VERSION_PATCHLEVEL 2
| #define USE_XCB 1
| #define RETSIGTYPE void
| #define UNIXCONN 1
| #define TCPCONN 1
| #define IPv6 1
| #define HAVE_SOCKLEN_T 1
| #define HAVE_AUTHDES_CREATE 1
| #define SECURE_RPC 1
| #define LOCAL_TRANSPORT_LIST UNIX_TRANS,TCP_TRANS
| /* end confdefs.h.  */
| 
| /* Override any GCC internal prototype to avoid an error.
|    Use char because int might match the return type of a GCC
|    builtin and then its argument prototype would still apply.  */
| #ifdef __cplusplus
| extern "C"
| #endif
| char dlopen ();
| int
| main ()
| {
| return dlopen ();
|   ;
|   return 0;
| }
configure:23832: gcc -std=gnu99 -o conftest -g -O2   conftest.c -ldl   >&5
configure:23839: $? = 0
configure:23870: result: -ldl
configure:24135: checking for dlfcn.h
configure:24142: result: yes
configure:24287: result: yes
configure:24290: checking if loadable i18n module support should be enabled
configure:24313: result: no
configure:24325: checking if loadable Xcursor library support should be enabled
configure:24341: result: yes
configure:24345: checking for ANSI C header files
configure:24513: result: yes
configure:24539: checking sys/select.h usability
configure:24556: gcc -std=gnu99 -c -g -O2  conftest.c >&5
configure:24563: $? = 0
configure:24577: result: yes
configure:24581: checking sys/select.h presence
configure:24596: gcc -E  conftest.c
configure:24603: $? = 0
configure:24617: result: yes
configure:24650: checking for sys/select.h
configure:24659: result: yes
configure:24682: checking for strtol
configure:24738: gcc -std=gnu99 -o conftest -g -O2   conftest.c -ldl  >&5
configure:24745: $? = 0
configure:24767: result: yes
configure:24781: checking for issetugid
configure:24837: gcc -std=gnu99 -o conftest -g -O2   conftest.c -ldl  >&5
/tmp/ccnoiWN6.o: In function `main':
/home/xeno1/rexeno/rexeno/3rdparties/linux-ububuntu-10-04-noxeno/src/x11/libx11-1.3.2/conftest.c:78: undefined reference to `issetugid'
collect2: ld returned 1 exit status
configure:24844: $? = 1
configure: failed program was:
| /* confdefs.h.  */
| #define PACKAGE_NAME "libX11"
| #define PACKAGE_TARNAME "libX11"
| #define PACKAGE_VERSION "1.3.2"
| #define PACKAGE_STRING "libX11 1.3.2"
| #define PACKAGE_BUGREPORT "https://bugs.freedesktop.org/enter_bug.cgi?product=xorg"
| #define PACKAGE "libX11"
| #define VERSION "1.3.2"
| #define STDC_HEADERS 1
| #define HAVE_SYS_TYPES_H 1
| #define HAVE_SYS_STAT_H 1
| #define HAVE_STDLIB_H 1
| #define HAVE_STRING_H 1
| #define HAVE_MEMORY_H 1
| #define HAVE_STRINGS_H 1
| #define HAVE_INTTYPES_H 1
| #define HAVE_STDINT_H 1
| #define HAVE_UNISTD_H 1
| #define __EXTENSIONS__ 1
| #define _ALL_SOURCE 1
| #define _GNU_SOURCE 1
| #define _POSIX_PTHREAD_SEMANTICS 1
| #define _TANDEM_SOURCE 1
| #define HAVE_DLFCN_H 1
| #define PACKAGE_VERSION_MAJOR 1
| #define PACKAGE_VERSION_MINOR 3
| #define PACKAGE_VERSION_PATCHLEVEL 2
| #define USE_XCB 1
| #define RETSIGTYPE void
| #define UNIXCONN 1
| #define TCPCONN 1
| #define IPv6 1
| #define HAVE_SOCKLEN_T 1
| #define HAVE_AUTHDES_CREATE 1
| #define SECURE_RPC 1
| #define LOCAL_TRANSPORT_LIST UNIX_TRANS,TCP_TRANS
| #define HAVE_DLOPEN 1
| #define HAVE_DLFCN_H 1
| #define USE_DYNAMIC_XCURSOR 1
| #define STDC_HEADERS 1
| #define HAVE_SYS_SELECT_H 1
| #define HAVE_STRTOL 1
| /* end confdefs.h.  */
| /* Define issetugid to an innocuous variant, in case <limits.h> declares issetugid.
|    For example, HP-UX 11i <limits.h> declares gettimeofday.  */
| #define issetugid innocuous_issetugid
| 
| /* System header to define __stub macros and hopefully few prototypes,
|     which can conflict with char issetugid (); below.
|     Prefer <limits.h> to <assert.h> if __STDC__ is defined, since
|     <limits.h> exists even on freestanding compilers.  */
| 
| #ifdef __STDC__
| # include <limits.h>
| #else
| # include <assert.h>
| #endif
| 
| #undef issetugid
| 
| /* Override any GCC internal prototype to avoid an error.
|    Use char because int might match the return type of a GCC
|    builtin and then its argument prototype would still apply.  */
| #ifdef __cplusplus
| extern "C"
| #endif
| char issetugid ();
| /* The GNU C library defines this for functions which it implements
|     to always fail with ENOSYS.  Some functions are actually named
|     something starting with __ and the normal name is an alias.  */
| #if defined __stub_issetugid || defined __stub___issetugid
| choke me
| #endif
| 
| int
| main ()
| {
| return issetugid ();
|   ;
|   return 0;
| }
configure:24864: result: no
configure:24875: checking for getresuid
configure:24931: gcc -std=gnu99 -o conftest -g -O2   conftest.c -ldl  >&5
configure:24938: $? = 0
configure:24958: result: yes
configure:24970: checking for shmat
configure:25026: gcc -std=gnu99 -o conftest -g -O2   conftest.c -ldl  >&5
configure:25033: $? = 0
configure:25053: result: yes
configure:25095: checking for launchd
configure:25123: result: no
configure:25154: checking for getpwuid_r in -lc
configure:25189: gcc -std=gnu99 -o conftest -g -O2   conftest.c -lc  -ldl  >&5
configure:25196: $? = 0
configure:25217: result: yes
configure:25246: checking for pthread_self in -lc
configure:25281: gcc -std=gnu99 -o conftest -g -O2   conftest.c -lc  -ldl  >&5
configure:25288: $? = 0
configure:25309: result: yes
configure:25357: checking for poll
configure:25413: gcc -std=gnu99 -o conftest -g -O2   conftest.c -ldl  >&5
configure:25420: $? = 0
configure:25440: result: yes
configure:25454: checking keysymdef.h
configure:25459: result: /usr/include/X11/keysymdef.h
configure:25527: checking if XLOCALEDIR support should be enabled
configure:25543: result: yes
configure:25556: checking for BIGFONT
configure:25563: $PKG_CONFIG --exists --print-errors "xf86bigfontproto"
Package xf86bigfontproto was not found in the pkg-config search path.
Perhaps you should add the directory containing `xf86bigfontproto.pc'
to the PKG_CONFIG_PATH environment variable
No package 'xf86bigfontproto' found
configure:25566: $? = 1
configure:25579: $PKG_CONFIG --exists --print-errors "xf86bigfontproto"
Package xf86bigfontproto was not found in the pkg-config search path.
Perhaps you should add the directory containing `xf86bigfontproto.pc'
to the PKG_CONFIG_PATH environment variable
No package 'xf86bigfontproto' found
configure:25582: $? = 1
No package 'xf86bigfontproto' found
configure:25609: result: no
configure:25670: checking for XKBPROTO
configure:25677: $PKG_CONFIG --exists --print-errors "kbproto inputproto"
configure:25680: $? = 0
configure:25693: $PKG_CONFIG --exists --print-errors "kbproto inputproto"
configure:25696: $? = 0
configure:25773: result: yes
configure:25795: checking for stdlib.h
configure:25802: result: yes
configure:25795: checking for unistd.h
configure:25802: result: yes
configure:25945: checking for getpagesize
configure:26001: gcc -std=gnu99 -o conftest -g -O2   conftest.c -ldl  >&5
configure:26008: $? = 0
configure:26030: result: yes
configure:26042: checking for working mmap
configure:26189: gcc -std=gnu99 -o conftest -g -O2   conftest.c -ldl  >&5
configure:26193: $? = 0
configure:26199: ./conftest
configure:26203: $? = 0
configure:26220: result: yes
configure:26232: checking for nl_langinfo
configure:26288: gcc -std=gnu99 -o conftest -g -O2   conftest.c -ldl  >&5
configure:26295: $? = 0
configure:26315: result: yes
configure:26586: checking whether malloc(0) returns NULL
configure:26618: gcc -std=gnu99 -o conftest -g -O2   conftest.c -ldl  >&5
conftest.c:2: warning: conflicting types for built-in function 'malloc'
conftest.c:3: warning: conflicting types for built-in function 'realloc'
conftest.c:4: warning: conflicting types for built-in function 'calloc'
conftest.c:5: warning: return type defaults to 'int'
conftest.c: In function 'main':
conftest.c:11: warning: implicit declaration of function 'exit'
conftest.c:11: warning: incompatible implicit declaration of built-in function 'exit'
configure:26622: $? = 0
configure:26628: ./conftest
configure:26632: $? = 0
configure:26649: result: yes
configure:26673: checking for groff
configure:26692: found /usr/bin/groff
configure:26704: result: /usr/bin/groff
configure:26722: checking for ps2pdf
configure:26741: found /usr/bin/ps2pdf
configure:26753: result: /usr/bin/ps2pdf
configure:26767: checking whether /usr/bin/groff -ms works
configure:26775: result: no
configure:26779: checking whether to build specifications
configure:26796: result: no
configure:27067: creating ./config.status

## ---------------------- ##
## Running config.status. ##
## ---------------------- ##

This file was extended by libX11 config.status 1.3.2, which was
generated by GNU Autoconf 2.63.  Invocation command line was

  CONFIG_FILES    = 
  CONFIG_HEADERS  = 
  CONFIG_LINKS    = 
  CONFIG_COMMANDS = 
  $ ./config.status 

on xeno1-desktop

config.status:1023: creating Makefile
config.status:1023: creating include/Makefile
config.status:1023: creating man/Makefile
config.status:1023: creating man/xkb/Makefile
config.status:1023: creating src/Makefile
config.status:1023: creating src/util/Makefile
config.status:1023: creating src/xcms/Makefile
config.status:1023: creating src/xlibi18n/Makefile
config.status:1023: creating modules/Makefile
config.status:1023: creating modules/im/Makefile
config.status:1023: creating modules/im/ximcp/Makefile
config.status:1023: creating modules/lc/Makefile
config.status:1023: creating modules/lc/def/Makefile
config.status:1023: creating modules/lc/gen/Makefile
config.status:1023: creating modules/lc/Utf8/Makefile
config.status:1023: creating modules/lc/xlocale/Makefile
config.status:1023: creating modules/om/Makefile
config.status:1023: creating modules/om/generic/Makefile
config.status:1023: creating src/xkb/Makefile
config.status:1023: creating nls/Makefile
config.status:1023: creating nls/am_ET.UTF-8/Makefile
config.status:1023: creating nls/armscii-8/Makefile
config.status:1023: creating nls/C/Makefile
config.status:1023: creating nls/el_GR.UTF-8/Makefile
config.status:1023: creating nls/en_US.UTF-8/Makefile
config.status:1023: creating nls/fi_FI.UTF-8/Makefile
config.status:1023: creating nls/georgian-academy/Makefile
config.status:1023: creating nls/georgian-ps/Makefile
config.status:1023: creating nls/ibm-cp1133/Makefile
config.status:1023: creating nls/iscii-dev/Makefile
config.status:1023: creating nls/isiri-3342/Makefile
config.status:1023: creating nls/iso8859-1/Makefile
config.status:1023: creating nls/iso8859-10/Makefile
config.status:1023: creating nls/iso8859-11/Makefile
config.status:1023: creating nls/iso8859-13/Makefile
config.status:1023: creating nls/iso8859-14/Makefile
config.status:1023: creating nls/iso8859-15/Makefile
config.status:1023: creating nls/iso8859-2/Makefile
config.status:1023: creating nls/iso8859-3/Makefile
config.status:1023: creating nls/iso8859-4/Makefile
config.status:1023: creating nls/iso8859-5/Makefile
config.status:1023: creating nls/iso8859-6/Makefile
config.status:1023: creating nls/iso8859-7/Makefile
config.status:1023: creating nls/iso8859-8/Makefile
config.status:1023: creating nls/iso8859-9/Makefile
config.status:1023: creating nls/iso8859-9e/Makefile
config.status:1023: creating nls/ja/Makefile
config.status:1023: creating nls/ja.JIS/Makefile
config.status:1023: creating nls/ja_JP.UTF-8/Makefile
config.status:1023: creating nls/ja.S90/Makefile
config.status:1023: creating nls/ja.SJIS/Makefile
config.status:1023: creating nls/ja.U90/Makefile
config.status:1023: creating nls/ko/Makefile
config.status:1023: creating nls/koi8-c/Makefile
config.status:1023: creating nls/koi8-r/Makefile
config.status:1023: creating nls/koi8-u/Makefile
config.status:1023: creating nls/ko_KR.UTF-8/Makefile
config.status:1023: creating nls/microsoft-cp1251/Makefile
config.status:1023: creating nls/microsoft-cp1255/Makefile
config.status:1023: creating nls/microsoft-cp1256/Makefile
config.status:1023: creating nls/mulelao-1/Makefile
config.status:1023: creating nls/nokhchi-1/Makefile
config.status:1023: creating nls/pt_BR.UTF-8/Makefile
config.status:1023: creating nls/ru_RU.UTF-8/Makefile
config.status:1023: creating nls/tatar-cyr/Makefile
config.status:1023: creating nls/th_TH/Makefile
config.status:1023: creating nls/th_TH.UTF-8/Makefile
config.status:1023: creating nls/tscii-0/Makefile
config.status:1023: creating nls/vi_VN.tcvn/Makefile
config.status:1023: creating nls/vi_VN.viscii/Makefile
config.status:1023: creating nls/zh_CN/Makefile
config.status:1023: creating nls/zh_CN.gb18030/Makefile
config.status:1023: creating nls/zh_CN.gbk/Makefile
config.status:1023: creating nls/zh_CN.UTF-8/Makefile
config.status:1023: creating nls/zh_HK.big5/Makefile
config.status:1023: creating nls/zh_HK.big5hkscs/Makefile
config.status:1023: creating nls/zh_HK.UTF-8/Makefile
config.status:1023: creating nls/zh_TW/Makefile
config.status:1023: creating nls/zh_TW.big5/Makefile
config.status:1023: creating nls/zh_TW.UTF-8/Makefile
config.status:1023: creating specs/Makefile
config.status:1023: creating specs/i18n/Makefile
config.status:1023: creating specs/libX11/Makefile
config.status:1023: creating specs/XIM/Makefile
config.status:1023: creating x11.pc
config.status:1023: creating x11-xcb.pc
config.status:1023: creating src/config.h
config.status:1023: creating include/X11/XlibConf.h
config.status:1297: executing depfiles commands

## ---------------- ##
## Cache variables. ##
## ---------------- ##

ac_cv_build=i686-pc-linux-gnu
ac_cv_c_compiler_gnu=yes
ac_cv_cxx_compiler_gnu=yes
ac_cv_env_BIGFONT_CFLAGS_set=
ac_cv_env_BIGFONT_CFLAGS_value=
ac_cv_env_BIGFONT_LIBS_set=
ac_cv_env_BIGFONT_LIBS_value=
ac_cv_env_CCC_set=
ac_cv_env_CCC_value=
ac_cv_env_CC_set=
ac_cv_env_CC_value=
ac_cv_env_CFLAGS_set=
ac_cv_env_CFLAGS_value=
ac_cv_env_CPPFLAGS_set=
ac_cv_env_CPPFLAGS_value=
ac_cv_env_CPP_set=
ac_cv_env_CPP_value=
ac_cv_env_CXXCPP_set=
ac_cv_env_CXXCPP_value=
ac_cv_env_CXXFLAGS_set=
ac_cv_env_CXXFLAGS_value=
ac_cv_env_CXX_set=
ac_cv_env_CXX_value=
ac_cv_env_F77_set=
ac_cv_env_F77_value=
ac_cv_env_FFLAGS_set=
ac_cv_env_FFLAGS_value=
ac_cv_env_GROFF_set=
ac_cv_env_GROFF_value=
ac_cv_env_LDFLAGS_set=
ac_cv_env_LDFLAGS_value=
ac_cv_env_LIBS_set=
ac_cv_env_LIBS_value=
ac_cv_env_PKG_CONFIG_set=
ac_cv_env_PKG_CONFIG_value=
ac_cv_env_PS2PDF_set=
ac_cv_env_PS2PDF_value=
ac_cv_env_X11_CFLAGS_set=
ac_cv_env_X11_CFLAGS_value=
ac_cv_env_X11_LIBS_set=
ac_cv_env_X11_LIBS_value=
ac_cv_env_XDMCP_CFLAGS_set=
ac_cv_env_XDMCP_CFLAGS_value=
ac_cv_env_XDMCP_LIBS_set=
ac_cv_env_XDMCP_LIBS_value=
ac_cv_env_XKBPROTO_CFLAGS_set=
ac_cv_env_XKBPROTO_CFLAGS_value=
ac_cv_env_XKBPROTO_LIBS_set=
ac_cv_env_XKBPROTO_LIBS_value=
ac_cv_env_XPROTO_CFLAGS_set=
ac_cv_env_XPROTO_CFLAGS_value=
ac_cv_env_XPROTO_LIBS_set=
ac_cv_env_XPROTO_LIBS_value=
ac_cv_env_build_alias_set=
ac_cv_env_build_alias_value=
ac_cv_env_host_alias_set=
ac_cv_env_host_alias_value=
ac_cv_env_target_alias_set=
ac_cv_env_target_alias_value=
ac_cv_f77_compiler_gnu=no
ac_cv_func_authdes_create=yes
ac_cv_func_authdes_seccreate=no
ac_cv_func_getaddrinfo=yes
ac_cv_func_getpagesize=yes
ac_cv_func_getresuid=yes
ac_cv_func_issetugid=no
ac_cv_func_mmap_fixed_mapped=yes
ac_cv_func_nl_langinfo=yes
ac_cv_func_poll=yes
ac_cv_func_shmat=yes
ac_cv_func_strtol=yes
ac_cv_header_dlfcn_h=yes
ac_cv_header_inttypes_h=yes
ac_cv_header_memory_h=yes
ac_cv_header_minix_config_h=no
ac_cv_header_stdc=yes
ac_cv_header_stdint_h=yes
ac_cv_header_stdlib_h=yes
ac_cv_header_string_h=yes
ac_cv_header_strings_h=yes
ac_cv_header_sys_select_h=yes
ac_cv_header_sys_stat_h=yes
ac_cv_header_sys_types_h=yes
ac_cv_header_unistd_h=yes
ac_cv_host=i686-pc-linux-gnu
ac_cv_lib_c_getpwuid_r=yes
ac_cv_lib_c_pthread_self=yes
ac_cv_member_struct_sockaddr_in_sin_len=no
ac_cv_objext=o
ac_cv_path_DOLT_BASH=/bin/bash
ac_cv_path_EGREP='/bin/grep -E'
ac_cv_path_GREP=/bin/grep
ac_cv_path_GROFF=/usr/bin/groff
ac_cv_path_PS2PDF=/usr/bin/ps2pdf
ac_cv_path_RAWCPP=/usr/bin/cpp
ac_cv_path_ac_pt_PKG_CONFIG=/usr/bin/pkg-config
ac_cv_path_install='/usr/bin/install -c'
ac_cv_path_mkdir=/bin/mkdir
ac_cv_prog_AWK=gawk
ac_cv_prog_CPP='gcc -E'
ac_cv_prog_CXXCPP='g++ -E'
ac_cv_prog_LAUNCHD=no
ac_cv_prog_PERL=perl
ac_cv_prog_ac_ct_AR=ar
ac_cv_prog_ac_ct_CC=gcc
ac_cv_prog_ac_ct_CXX=g++
ac_cv_prog_ac_ct_RANLIB=ranlib
ac_cv_prog_ac_ct_STRIP=strip
ac_cv_prog_cc_c89=
ac_cv_prog_cc_c99=-std=gnu99
ac_cv_prog_cc_g=yes
ac_cv_prog_cxx_g=yes
ac_cv_prog_f77_g=no
ac_cv_prog_make_make_set=yes
ac_cv_safe_to_define___extensions__=yes
ac_cv_search_dlopen=-ldl
ac_cv_search_gethostbyname='none required'
ac_cv_search_getsecretkey='none required'
ac_cv_search_socket='none required'
ac_cv_type_signal=void
ac_cv_type_socklen_t=yes
ac_cv_use_xcb=yes
am_cv_CC_dependencies_compiler_type=gcc3
am_cv_CXX_dependencies_compiler_type=gcc3
lt_cv_deplibs_check_method=pass_all
lt_cv_file_magic_cmd='$MAGIC_CMD'
lt_cv_file_magic_test_file=
lt_cv_ld_reload_flag=-r
lt_cv_objdir=.libs
lt_cv_path_LD=/usr/bin/ld
lt_cv_path_LDCXX=/usr/bin/ld
lt_cv_path_NM='/usr/bin/nm -B'
lt_cv_path_SED=/bin/sed
lt_cv_prog_compiler_c_o=yes
lt_cv_prog_compiler_c_o_CXX=yes
lt_cv_prog_compiler_pic_works=yes
lt_cv_prog_compiler_pic_works_CXX=yes
lt_cv_prog_compiler_rtti_exceptions=no
lt_cv_prog_compiler_static_works=yes
lt_cv_prog_compiler_static_works_CXX=yes
lt_cv_prog_gnu_ld=yes
lt_cv_prog_gnu_ldcxx=yes
lt_cv_sys_global_symbol_pipe='sed -n -e '\''s/^.*[ 	]\([ABCDGIRSTW][ABCDGIRSTW]*\)[ 	][ 	]*\([_A-Za-z][_A-Za-z0-9]*\)$/\1 \2 \2/p'\'''
lt_cv_sys_global_symbol_to_c_name_address='sed -n -e '\''s/^: \([^ ]*\) $/  {\"\1\", (lt_ptr) 0},/p'\'' -e '\''s/^[BCDEGRST] \([^ ]*\) \([^ ]*\)$/  {"\2", (lt_ptr) \&\2},/p'\'''
lt_cv_sys_global_symbol_to_cdecl='sed -n -e '\''s/^. .* \(.*\)$/extern int \1;/p'\'''
lt_cv_sys_lib_dlsearch_path_spec='/lib /usr/lib /usr/lib/mesa /lib/i486-linux-gnu /usr/lib/i486-linux-gnu /usr/lib/alsa-lib /usr/local/lib '
lt_cv_sys_lib_search_path_spec='/usr/lib/gcc/i486-linux-gnu/4.4.3 /usr/lib /lib /usr/lib/i486-linux-gnu'
lt_cv_sys_max_cmd_len=1572864
lt_lt_cv_prog_compiler_c_o='"yes"'
lt_lt_cv_prog_compiler_c_o_CXX='"yes"'
lt_lt_cv_sys_global_symbol_pipe='"sed -n -e '\''s/^.*[ 	]\\([ABCDGIRSTW][ABCDGIRSTW]*\\)[ 	][ 	]*\\([_A-Za-z][_A-Za-z0-9]*\\)\$/\\1 \\2 \\2/p'\''"'
lt_lt_cv_sys_global_symbol_to_c_name_address='"sed -n -e '\''s/^: \\([^ ]*\\) \$/  {\\\"\\1\\\", (lt_ptr) 0},/p'\'' -e '\''s/^[BCDEGRST] \\([^ ]*\\) \\([^ ]*\\)\$/  {\"\\2\", (lt_ptr) \\&\\2},/p'\''"'
lt_lt_cv_sys_global_symbol_to_cdecl='"sed -n -e '\''s/^. .* \\(.*\\)\$/extern int \\1;/p'\''"'
pkg_cv_X11_CFLAGS='-D_BSD_SOURCE -DHAS_FCHOWN -DHAS_STICKY_DIR_BIT  '
pkg_cv_X11_LIBS='-lxcb  '
pkg_cv_XKBPROTO_CFLAGS=' '
pkg_cv_XKBPROTO_LIBS=' '
pkg_cv_XPROTO_CFLAGS=' '
pkg_cv_XPROTO_LIBS=' '

## ----------------- ##
## Output variables. ##
## ----------------- ##

ACLOCAL='${SHELL} /home/xeno1/rexeno/rexeno/3rdparties/linux-ububuntu-10-04-noxeno/src/x11/libx11-1.3.2/missing --run aclocal-1.11'
ADMIN_MAN_DIR='$(mandir)/man$(ADMIN_MAN_SUFFIX)'
ADMIN_MAN_SUFFIX='8'
AMDEPBACKSLASH='\'
AMDEP_FALSE='#'
AMDEP_TRUE=''
AMTAR='${SHELL} /home/xeno1/rexeno/rexeno/3rdparties/linux-ububuntu-10-04-noxeno/src/x11/libx11-1.3.2/missing --run tar'
AM_BACKSLASH='\'
AM_DEFAULT_VERBOSITY='0'
APP_MAN_DIR='$(mandir)/man$(APP_MAN_SUFFIX)'
APP_MAN_SUFFIX='1'
AR='ar'
AUTOCONF='${SHELL} /home/xeno1/rexeno/rexeno/3rdparties/linux-ububuntu-10-04-noxeno/src/x11/libx11-1.3.2/missing --run autoconf'
AUTOHEADER='${SHELL} /home/xeno1/rexeno/rexeno/3rdparties/linux-ububuntu-10-04-noxeno/src/x11/libx11-1.3.2/missing --run autoheader'
AUTOMAKE='${SHELL} /home/xeno1/rexeno/rexeno/3rdparties/linux-ububuntu-10-04-noxeno/src/x11/libx11-1.3.2/missing --run automake-1.11'
AWK='gawk'
BIGFONT_CFLAGS=''
BIGFONT_LIBS=''
BUILD_SPECS_FALSE=''
BUILD_SPECS_TRUE='#'
CC='gcc -std=gnu99'
CCDEPMODE='depmode=gcc3'
CC_FOR_BUILD='gcc -std=gnu99'
CFLAGS='-g -O2'
CHANGELOG_CMD='(GIT_DIR=$(top_srcdir)/.git git log > .changelog.tmp && mv .changelog.tmp ChangeLog) || (rm -f .changelog.tmp; touch ChangeLog; echo '\''git directory not found: installing possibly empty changelog.'\'' >&2)'
CPP='gcc -E'
CPPFLAGS=''
CWARNFLAGS='-Wall -Wpointer-arith -Wstrict-prototypes -Wmissing-prototypes -Wmissing-declarations -Wnested-externs -fno-strict-aliasing -Wbad-function-cast -Wold-style-definition -Wdeclaration-after-statement '
CXX='g++'
CXXCPP='g++ -E'
CXXDEPMODE='depmode=gcc3'
CXXFLAGS='-g -O2'
CYGPATH_W='echo'
DEFS='-DHAVE_CONFIG_H'
DEPDIR='.deps'
DOLT_BASH='/bin/bash'
DRIVER_MAN_DIR='$(mandir)/man$(DRIVER_MAN_SUFFIX)'
DRIVER_MAN_SUFFIX='4'
DSYMUTIL=''
ECHO='echo'
ECHO_C=''
ECHO_N='-n'
ECHO_T=''
EGREP='/bin/grep -E'
EXEEXT=''
F77=''
FFLAGS=''
FILE_MAN_DIR='$(mandir)/man$(FILE_MAN_SUFFIX)'
FILE_MAN_SUFFIX='5'
GREP='/bin/grep'
GROFF='none'
HAVE_PERL_FALSE='#'
HAVE_PERL_TRUE=''
HAVE_PS2PDF_FALSE='#'
HAVE_PS2PDF_TRUE=''
I18N_MODULE_LIBS=''
INSTALL_DATA='${INSTALL} -m 644'
INSTALL_PROGRAM='${INSTALL}'
INSTALL_SCRIPT='${INSTALL}'
INSTALL_STRIP_PROGRAM='$(install_sh) -c -s'
KEYSYMDEF='/usr/include/X11/keysymdef.h'
LAUNCHD='no'
LDFLAGS=''
LIBOBJS=''
LIBS='-ldl '
LIBTOOL='$(top_builddir)/doltlibtool'
LIB_MAN_DIR='$(mandir)/man$(LIB_MAN_SUFFIX)'
LIB_MAN_SUFFIX='3'
LINT='no'
LINTLIB=''
LINT_FALSE=''
LINT_FLAGS=' -D_BSD_SOURCE -DHAS_FCHOWN -DHAS_STICKY_DIR_BIT       '
LINT_TRUE='#'
LN_S='ln -s'
LTCOMPILE='$(top_builddir)/doltcompile $(COMPILE)'
LTCXXCOMPILE='$(top_builddir)/doltcompile $(CXXCOMPILE)'
LTLIBOBJS=''
MAINT='#'
MAINTAINER_MODE_FALSE=''
MAINTAINER_MODE_TRUE='#'
MAKEINFO='${SHELL} /home/xeno1/rexeno/rexeno/3rdparties/linux-ububuntu-10-04-noxeno/src/x11/libx11-1.3.2/missing --run makeinfo'
MAKE_LINT_LIB_FALSE=''
MAKE_LINT_LIB_TRUE='#'
MALLOC_ZERO_CFLAGS='-DMALLOC_0_RETURNS_NULL'
MANPAGES_FALSE='#'
MANPAGES_TRUE=''
MISC_MAN_DIR='$(mandir)/man$(MISC_MAN_SUFFIX)'
MISC_MAN_SUFFIX='7'
MKDIR_P='/bin/mkdir -p'
NMEDIT=''
OBJEXT='o'
OS2_FALSE=''
OS2_TRUE='#'
PACKAGE='libX11'
PACKAGE_BUGREPORT='https://bugs.freedesktop.org/enter_bug.cgi?product=xorg'
PACKAGE_NAME='libX11'
PACKAGE_STRING='libX11 1.3.2'
PACKAGE_TARNAME='libX11'
PACKAGE_VERSION='1.3.2'
PATH_SEPARATOR=':'
PERL='perl'
PKG_CONFIG='/usr/bin/pkg-config'
PS2PDF='/usr/bin/ps2pdf'
RANLIB='ranlib'
RAWCPP='/usr/bin/cpp'
RAWCPPFLAGS='-undef -traditional'
SED='/bin/sed'
SET_MAKE=''
SHELL='/bin/bash'
STRIP='strip'
THRSTUBS_FALSE=''
THRSTUBS_TRUE='#'
UDC_FALSE=''
UDC_TRUE='#'
VERSION='1.3.2'
WCHAR32='1'
X11_CFLAGS='-Wall -Wpointer-arith -Wstrict-prototypes -Wmissing-prototypes -Wmissing-declarations -Wnested-externs -fno-strict-aliasing -Wbad-function-cast -Wold-style-definition -Wdeclaration-after-statement  -Wall -Wpointer-arith -Wstrict-prototypes 	-Wmissing-prototypes -Wmissing-declarations 	-Wnested-externs -fno-strict-aliasing -D_BSD_SOURCE -DHAS_FCHOWN -DHAS_STICKY_DIR_BIT       '
X11_DATADIR='/home/xeno1/rexeno/rexeno/3rdparties/linux-ububuntu-10-04-noxeno/target/x11/share/X11'
X11_EXTRA_DEPS='xcb >= 1.1.92'
X11_LIBDIR='/home/xeno1/rexeno/rexeno/3rdparties/linux-ububuntu-10-04-noxeno/target/x11/lib/X11'
X11_LIBS='-lxcb    '
X11_LOCALEDATADIR='/home/xeno1/rexeno/rexeno/3rdparties/linux-ububuntu-10-04-noxeno/target/x11/share/X11/locale'
X11_LOCALEDIR='/home/xeno1/rexeno/rexeno/3rdparties/linux-ububuntu-10-04-noxeno/target/x11/share/X11/locale'
X11_LOCALELIBDIR='/home/xeno1/rexeno/rexeno/3rdparties/linux-ububuntu-10-04-noxeno/target/x11/lib/X11/locale'
XCB_FALSE='#'
XCB_TRUE=''
XCMS_FALSE='#'
XCMS_TRUE=''
XDMCP_CFLAGS=''
XDMCP_LIBS=''
XERRORDB='/home/xeno1/rexeno/rexeno/3rdparties/linux-ububuntu-10-04-noxeno/target/x11/share/X11/XErrorDB'
XKBPROTO_CFLAGS=' '
XKBPROTO_LIBS=' '
XKBPROTO_REQUIRES='kbproto'
XKB_FALSE='#'
XKB_TRUE=''
XKEYSYMDB='/home/xeno1/rexeno/rexeno/3rdparties/linux-ububuntu-10-04-noxeno/target/x11/share/X11/XKeysymDB'
XLIB_LOADABLE_I18N_FALSE=''
XLIB_LOADABLE_I18N_TRUE='#'
XLOCALEDATADIR='/home/xeno1/rexeno/rexeno/3rdparties/linux-ububuntu-10-04-noxeno/target/x11/share/X11/locale'
XLOCALEDIR='/home/xeno1/rexeno/rexeno/3rdparties/linux-ububuntu-10-04-noxeno/target/x11/share/X11/locale'
XLOCALELIBDIR='/home/xeno1/rexeno/rexeno/3rdparties/linux-ububuntu-10-04-noxeno/target/x11/lib/X11/locale'
XLOCALE_FALSE='#'
XLOCALE_TRUE=''
XMALLOC_ZERO_CFLAGS='-DMALLOC_0_RETURNS_NULL'
XPROTO_CFLAGS=' '
XPROTO_LIBS=' '
XTHREADLIB='-lpthread'
XTHREAD_CFLAGS=''
XTMALLOC_ZERO_CFLAGS='-DMALLOC_0_RETURNS_NULL -DXTMALLOC_BC'
ac_ct_CC='gcc'
ac_ct_CXX='g++'
ac_ct_F77=''
am__EXEEXT_FALSE=''
am__EXEEXT_TRUE='#'
am__fastdepCC_FALSE='#'
am__fastdepCC_TRUE=''
am__fastdepCXX_FALSE='#'
am__fastdepCXX_TRUE=''
am__include='include'
am__isrc=''
am__leading_dot='.'
am__quote=''
am__tar='${AMTAR} chof - "$$tardir"'
am__untar='${AMTAR} xf -'
bindir='${exec_prefix}/bin'
build='i686-pc-linux-gnu'
build_alias=''
build_cpu='i686'
build_os='linux-gnu'
build_vendor='pc'
datadir='${datarootdir}'
datarootdir='${prefix}/share'
distcleancheck_listfiles='find . -type f ! -name ChangeLog -print'
docdir='${datarootdir}/doc/${PACKAGE_TARNAME}'
dvidir='${docdir}'
exec_prefix='${prefix}'
host='i686-pc-linux-gnu'
host_alias=''
host_cpu='i686'
host_os='linux-gnu'
host_vendor='pc'
htmldir='${docdir}'
includedir='${prefix}/include'
infodir='${datarootdir}/info'
install_sh='${SHELL} /home/xeno1/rexeno/rexeno/3rdparties/linux-ububuntu-10-04-noxeno/src/x11/libx11-1.3.2/install-sh'
libdir='${exec_prefix}/lib'
libexecdir='${exec_prefix}/libexec'
localedir='${datarootdir}/locale'
localstatedir='${prefix}/var'
mandir='${datarootdir}/man'
mkdir_p='/bin/mkdir -p'
oldincludedir='/usr/include'
pdfdir='${docdir}'
prefix='/home/xeno1/rexeno/rexeno/3rdparties/linux-ububuntu-10-04-noxeno/target/x11'
program_transform_name='s,x,x,'
psdir='${docdir}'
sbindir='${exec_prefix}/sbin'
sharedstatedir='${prefix}/com'
sysconfdir='${prefix}/etc'
target_alias=''

## ----------- ##
## confdefs.h. ##
## ----------- ##

#define PACKAGE_NAME "libX11"
#define PACKAGE_TARNAME "libX11"
#define PACKAGE_VERSION "1.3.2"
#define PACKAGE_STRING "libX11 1.3.2"
#define PACKAGE_BUGREPORT "https://bugs.freedesktop.org/enter_bug.cgi?product=xorg"
#define PACKAGE "libX11"
#define VERSION "1.3.2"
#define STDC_HEADERS 1
#define HAVE_SYS_TYPES_H 1
#define HAVE_SYS_STAT_H 1
#define HAVE_STDLIB_H 1
#define HAVE_STRING_H 1
#define HAVE_MEMORY_H 1
#define HAVE_STRINGS_H 1
#define HAVE_INTTYPES_H 1
#define HAVE_STDINT_H 1
#define HAVE_UNISTD_H 1
#define __EXTENSIONS__ 1
#define _ALL_SOURCE 1
#define _GNU_SOURCE 1
#define _POSIX_PTHREAD_SEMANTICS 1
#define _TANDEM_SOURCE 1
#define HAVE_DLFCN_H 1
#define PACKAGE_VERSION_MAJOR 1
#define PACKAGE_VERSION_MINOR 3
#define PACKAGE_VERSION_PATCHLEVEL 2
#define USE_XCB 1
#define RETSIGTYPE void
#define UNIXCONN 1
#define TCPCONN 1
#define IPv6 1
#define HAVE_SOCKLEN_T 1
#define HAVE_AUTHDES_CREATE 1
#define SECURE_RPC 1
#define LOCAL_TRANSPORT_LIST UNIX_TRANS,TCP_TRANS
#define HAVE_DLOPEN 1
#define HAVE_DLFCN_H 1
#define USE_DYNAMIC_XCURSOR 1
#define STDC_HEADERS 1
#define HAVE_SYS_SELECT_H 1
#define HAVE_STRTOL 1
#define HASGETRESUID 1
#define HAS_SHM 1
#define XTHREADS 1
#define XUSE_MTSAFE_API 1
#define USE_POLL 1
#define XCMS 1
#define XLOCALE 1
#define XKB 1
#define HAVE_STDLIB_H 1
#define HAVE_UNISTD_H 1
#define HAVE_GETPAGESIZE 1
#define HAVE_MMAP 1
#define COMPOSECACHE 1
#define X11_DATADIR "/home/xeno1/rexeno/rexeno/3rdparties/linux-ububuntu-10-04-noxeno/target/x11/share/X11"
#define X11_LIBDIR "/home/xeno1/rexeno/rexeno/3rdparties/linux-ububuntu-10-04-noxeno/target/x11/lib/X11"
#define XLOCALEDATADIR "/home/xeno1/rexeno/rexeno/3rdparties/linux-ububuntu-10-04-noxeno/target/x11/share/X11/locale"
#define XLOCALELIBDIR "/home/xeno1/rexeno/rexeno/3rdparties/linux-ububuntu-10-04-noxeno/target/x11/lib/X11/locale"
#define XLOCALEDIR "/home/xeno1/rexeno/rexeno/3rdparties/linux-ububuntu-10-04-noxeno/target/x11/share/X11/locale"
#define XKEYSYMDB "/home/xeno1/rexeno/rexeno/3rdparties/linux-ububuntu-10-04-noxeno/target/x11/share/X11/XKeysymDB"
#define XERRORDB "/home/xeno1/rexeno/rexeno/3rdparties/linux-ububuntu-10-04-noxeno/target/x11/share/X11/XErrorDB"

configure: exit 0
