This file contains any messages produced by compilers while
running configure, to aid debugging if configure makes a mistake.

It was created by libxcb configure 1.5, which was
generated by GNU Autoconf 2.65.  Invocation command line was

  $ ./configure --prefix=/home/xeno1/rexeno/rexeno/3rdparties/linux-ububuntu-10-04-noxeno/target/xcb-glx0/

## --------- ##
## Platform. ##
## --------- ##

hostname = xeno1-desktop
uname -m = i686
uname -r = 2.6.32-24-generic
uname -s = Linux
uname -v = #39-Ubuntu SMP Wed Jul 28 06:07:29 UTC 2010

/usr/bin/uname -p = unknown
/bin/uname -X     = unknown

/bin/arch              = unknown
/usr/bin/arch -k       = unknown
/usr/convex/getsysinfo = unknown
/usr/bin/hostinfo      = unknown
/bin/machine           = unknown
/usr/bin/oslevel       = unknown
/bin/universe          = unknown

PATH: /usr/local/sbin
PATH: /usr/local/bin
PATH: /usr/sbin
PATH: /usr/bin
PATH: /sbin
PATH: /bin
PATH: /usr/games


## ----------- ##
## Core tests. ##
## ----------- ##

configure:2504: checking for a BSD-compatible install
configure:2572: result: /usr/bin/install -c
configure:2583: checking whether build environment is sane
configure:2633: result: yes
configure:2774: checking for a thread-safe mkdir -p
configure:2813: result: /bin/mkdir -p
configure:2826: checking for gawk
configure:2842: found /usr/bin/gawk
configure:2853: result: gawk
configure:2864: checking whether make sets $(MAKE)
configure:2886: result: yes
configure:2998: checking for a Python interpreter with version >= 2.5
configure:3015: python -c import sys # split strings by '.' and convert to numeric. Append some zeros # because we need at least 4 digits for the hex conversion. # map returns an iterator in Python 3.0 and a list in 2.x minver = list(map(int, '2.5'.split('.'))) + [0, 0, 0] minverhex = 0 # xrange is not present in Python 3.0 and range returns an iterator for i in list(range(0, 4)): minverhex = (minverhex << 8) + minver[i] sys.exit(sys.hexversion < minverhex)
configure:3018: $? = 0
configure:3024: result: python
configure:3032: checking for python
configure:3050: found /usr/bin/python
configure:3062: result: /usr/bin/python
configure:3080: checking for python version
configure:3087: result: 2.6
configure:3099: checking for python platform
configure:3106: result: linux2
configure:3113: checking for python script directory
configure:3134: result: ${prefix}/lib/python2.6/site-packages
configure:3143: checking for python extension module directory
configure:3164: result: ${exec_prefix}/lib/python2.6/site-packages
configure:3227: checking for pkg-config
configure:3245: found /usr/bin/pkg-config
configure:3257: result: /usr/bin/pkg-config
configure:3282: checking pkg-config is at least version 0.9.0
configure:3285: result: yes
configure:3296: checking for CHECK
configure:3304: $PKG_CONFIG --exists --print-errors "check >= 0.9.4"
Package check was not found in the pkg-config search path.
Perhaps you should add the directory containing `check.pc'
to the PKG_CONFIG_PATH environment variable
No package 'check' found
configure:3307: $? = 1
configure:3322: $PKG_CONFIG --exists --print-errors "check >= 0.9.4"
Package check was not found in the pkg-config search path.
Perhaps you should add the directory containing `check.pc'
to the PKG_CONFIG_PATH environment variable
No package 'check' found
configure:3325: $? = 1
No package 'check' found
configure:3353: result: no
configure:3406: checking build system type
configure:3420: result: i686-pc-linux-gnu
configure:3440: checking host system type
configure:3453: result: i686-pc-linux-gnu
configure:3485: checking for style of include used by make
configure:3513: result: GNU
configure:3583: checking for gcc
configure:3599: found /usr/bin/gcc
configure:3610: result: gcc
configure:3839: checking for C compiler version
configure:3848: gcc --version >&5
gcc (Ubuntu 4.4.3-4ubuntu5.1) 4.4.3
Copyright (C) 2009 Free Software Foundation, Inc.
This is free software; see the source for copying conditions.  There is NO
warranty; not even for MERCHANTABILITY or FITNESS FOR A PARTICULAR PURPOSE.

configure:3859: $? = 0
configure:3848: gcc -v >&5
Using built-in specs.
Target: i486-linux-gnu
Configured with: ../src/configure -v --with-pkgversion='Ubuntu 4.4.3-4ubuntu5.1' --with-bugurl=file:///usr/share/doc/gcc-4.4/README.Bugs --enable-languages=c,c++,fortran,objc,obj-c++ --prefix=/usr --enable-shared --enable-multiarch --enable-linker-build-id --with-system-zlib --libexecdir=/usr/lib --without-included-gettext --enable-threads=posix --with-gxx-include-dir=/usr/include/c++/4.4 --program-suffix=-4.4 --enable-nls --enable-clocale=gnu --enable-libstdcxx-debug --enable-plugin --enable-objc-gc --enable-targets=all --disable-werror --with-arch-32=i486 --with-tune=generic --enable-checking=release --build=i486-linux-gnu --host=i486-linux-gnu --target=i486-linux-gnu
Thread model: posix
gcc version 4.4.3 (Ubuntu 4.4.3-4ubuntu5.1) 
configure:3859: $? = 0
configure:3848: gcc -V >&5
gcc: '-V' option must have argument
configure:3859: $? = 1
configure:3848: gcc -qversion >&5
gcc: unrecognized option '-qversion'
gcc: no input files
configure:3859: $? = 1
configure:3879: checking whether the C compiler works
configure:3901: gcc    conftest.c  >&5
configure:3905: $? = 0
configure:3954: result: yes
configure:3957: checking for C compiler default output file name
configure:3959: result: a.out
configure:3965: checking for suffix of executables
configure:3972: gcc -o conftest    conftest.c  >&5
configure:3976: $? = 0
configure:3998: result: 
configure:4020: checking whether we are cross compiling
configure:4028: gcc -o conftest    conftest.c  >&5
configure:4032: $? = 0
configure:4039: ./conftest
configure:4043: $? = 0
configure:4058: result: no
configure:4063: checking for suffix of object files
configure:4085: gcc -c   conftest.c >&5
configure:4089: $? = 0
configure:4110: result: o
configure:4114: checking whether we are using the GNU C compiler
configure:4133: gcc -c   conftest.c >&5
configure:4133: $? = 0
configure:4142: result: yes
configure:4151: checking whether gcc accepts -g
configure:4171: gcc -c -g  conftest.c >&5
configure:4171: $? = 0
configure:4212: result: yes
configure:4229: checking for gcc option to accept ISO C89
configure:4293: gcc  -c -g -O2  conftest.c >&5
configure:4293: $? = 0
configure:4306: result: none needed
configure:4328: checking dependency style of gcc
configure:4438: result: gcc3
configure:4453: checking for a sed that does not truncate output
configure:4517: result: /bin/sed
configure:4535: checking for grep that handles long lines and -e
configure:4593: result: /bin/grep
configure:4598: checking for egrep
configure:4660: result: /bin/grep -E
configure:4665: checking for fgrep
configure:4727: result: /bin/grep -F
configure:4762: checking for ld used by gcc
configure:4829: result: /usr/bin/ld
configure:4836: checking if the linker (/usr/bin/ld) is GNU ld
configure:4851: result: yes
configure:4863: checking for BSD- or MS-compatible name lister (nm)
configure:4912: result: /usr/bin/nm -B
configure:5030: checking the name lister (/usr/bin/nm -B) interface
configure:5037: gcc -c -g -O2  conftest.c >&5
configure:5040: /usr/bin/nm -B "conftest.o"
configure:5043: output
00000000 B some_variable
configure:5050: result: BSD nm
configure:5053: checking whether ln -s works
configure:5057: result: yes
configure:5065: checking the maximum length of command line arguments
configure:5185: result: 1572864
configure:5202: checking whether the shell understands some XSI constructs
configure:5212: result: yes
configure:5216: checking whether the shell understands "+="
configure:5222: result: yes
configure:5257: checking for /usr/bin/ld option to reload object files
configure:5264: result: -r
configure:5333: checking for objdump
configure:5349: found /usr/bin/objdump
configure:5360: result: objdump
configure:5392: checking how to recognize dependent libraries
configure:5588: result: pass_all
configure:5648: checking for ar
configure:5664: found /usr/bin/ar
configure:5675: result: ar
configure:5753: checking for strip
configure:5769: found /usr/bin/strip
configure:5780: result: strip
configure:5852: checking for ranlib
configure:5868: found /usr/bin/ranlib
configure:5879: result: ranlib
configure:5969: checking command to parse /usr/bin/nm -B output from gcc object
configure:6087: gcc -c -g -O2  conftest.c >&5
configure:6090: $? = 0
configure:6094: /usr/bin/nm -B conftest.o \| sed -n -e 's/^.*[	 ]\([ABCDGIRSTW][ABCDGIRSTW]*\)[	 ][	 ]*\([_A-Za-z][_A-Za-z0-9]*\)$/\1 \2 \2/p' \> conftest.nm
configure:6097: $? = 0
configure:6151: gcc -o conftest -g -O2   conftest.c conftstm.o >&5
configure:6154: $? = 0
configure:6192: result: ok
configure:7001: checking how to run the C preprocessor
configure:7032: gcc -E  conftest.c
configure:7032: $? = 0
configure:7046: gcc -E  conftest.c
conftest.c:11:28: error: ac_nonexistent.h: No such file or directory
configure:7046: $? = 1
configure: failed program was:
| /* confdefs.h */
| #define PACKAGE_NAME "libxcb"
| #define PACKAGE_TARNAME "libxcb"
| #define PACKAGE_VERSION "1.5"
| #define PACKAGE_STRING "libxcb 1.5"
| #define PACKAGE_BUGREPORT "xcb@lists.freedesktop.org"
| #define PACKAGE_URL ""
| #define PACKAGE "libxcb"
| #define VERSION "1.5"
| /* end confdefs.h.  */
| #include <ac_nonexistent.h>
configure:7071: result: gcc -E
configure:7091: gcc -E  conftest.c
configure:7091: $? = 0
configure:7105: gcc -E  conftest.c
conftest.c:11:28: error: ac_nonexistent.h: No such file or directory
configure:7105: $? = 1
configure: failed program was:
| /* confdefs.h */
| #define PACKAGE_NAME "libxcb"
| #define PACKAGE_TARNAME "libxcb"
| #define PACKAGE_VERSION "1.5"
| #define PACKAGE_STRING "libxcb 1.5"
| #define PACKAGE_BUGREPORT "xcb@lists.freedesktop.org"
| #define PACKAGE_URL ""
| #define PACKAGE "libxcb"
| #define VERSION "1.5"
| /* end confdefs.h.  */
| #include <ac_nonexistent.h>
configure:7134: checking for ANSI C header files
configure:7154: gcc -c -g -O2  conftest.c >&5
configure:7154: $? = 0
configure:7227: gcc -o conftest -g -O2   conftest.c  >&5
configure:7227: $? = 0
configure:7227: ./conftest
configure:7227: $? = 0
configure:7238: result: yes
configure:7251: checking for sys/types.h
configure:7251: gcc -c -g -O2  conftest.c >&5
configure:7251: $? = 0
configure:7251: result: yes
configure:7251: checking for sys/stat.h
configure:7251: gcc -c -g -O2  conftest.c >&5
configure:7251: $? = 0
configure:7251: result: yes
configure:7251: checking for stdlib.h
configure:7251: gcc -c -g -O2  conftest.c >&5
configure:7251: $? = 0
configure:7251: result: yes
configure:7251: checking for string.h
configure:7251: gcc -c -g -O2  conftest.c >&5
configure:7251: $? = 0
configure:7251: result: yes
configure:7251: checking for memory.h
configure:7251: gcc -c -g -O2  conftest.c >&5
configure:7251: $? = 0
configure:7251: result: yes
configure:7251: checking for strings.h
configure:7251: gcc -c -g -O2  conftest.c >&5
configure:7251: $? = 0
configure:7251: result: yes
configure:7251: checking for inttypes.h
configure:7251: gcc -c -g -O2  conftest.c >&5
configure:7251: $? = 0
configure:7251: result: yes
configure:7251: checking for stdint.h
configure:7251: gcc -c -g -O2  conftest.c >&5
configure:7251: $? = 0
configure:7251: result: yes
configure:7251: checking for unistd.h
configure:7251: gcc -c -g -O2  conftest.c >&5
configure:7251: $? = 0
configure:7251: result: yes
configure:7266: checking for dlfcn.h
configure:7266: gcc -c -g -O2  conftest.c >&5
configure:7266: $? = 0
configure:7266: result: yes
configure:7450: checking for objdir
configure:7465: result: .libs
configure:7757: checking if gcc supports -fno-rtti -fno-exceptions
configure:7775: gcc -c -g -O2  -fno-rtti -fno-exceptions conftest.c >&5
cc1: warning: command line option "-fno-rtti" is valid for C++/ObjC++ but not for C
configure:7779: $? = 0
configure:7792: result: no
configure:7812: checking for gcc option to produce PIC
configure:8084: result: -fPIC -DPIC
configure:8096: checking if gcc PIC flag -fPIC -DPIC works
configure:8114: gcc -c -g -O2  -fPIC -DPIC -DPIC conftest.c >&5
configure:8118: $? = 0
configure:8131: result: yes
configure:8155: checking if gcc static flag -static works
configure:8183: result: yes
configure:8198: checking if gcc supports -c -o file.o
configure:8219: gcc -c -g -O2  -o out/conftest2.o conftest.c >&5
configure:8223: $? = 0
configure:8245: result: yes
configure:8253: checking if gcc supports -c -o file.o
configure:8300: result: yes
configure:8333: checking whether the gcc linker (/usr/bin/ld) supports shared libraries
configure:9323: result: yes
configure:9360: checking whether -lc should be explicitly linked in
configure:9365: gcc -c -g -O2  conftest.c >&5
configure:9368: $? = 0
configure:9383: gcc -shared conftest.o  -v -Wl,-soname -Wl,conftest -o conftest 2\>\&1 \| /bin/grep  -lc  \>/dev/null 2\>\&1
configure:9386: $? = 0
configure:9398: result: no
configure:9562: checking dynamic linker characteristics
configure:9995: gcc -o conftest -g -O2   -Wl,-rpath -Wl,/foo conftest.c  >&5
configure:9995: $? = 0
configure:10225: result: GNU/Linux ld.so
configure:10327: checking how to hardcode library paths into programs
configure:10352: result: immediate
configure:10872: checking whether stripping libraries is possible
configure:10877: result: yes
configure:10912: checking if libtool supports shared libraries
configure:10914: result: yes
configure:10917: checking whether to build shared libraries
configure:10938: result: yes
configure:10941: checking whether to build static libraries
configure:10945: result: yes
configure:11028: checking for gcc
configure:11055: result: gcc
configure:11284: checking for C compiler version
configure:11293: gcc --version >&5
gcc (Ubuntu 4.4.3-4ubuntu5.1) 4.4.3
Copyright (C) 2009 Free Software Foundation, Inc.
This is free software; see the source for copying conditions.  There is NO
warranty; not even for MERCHANTABILITY or FITNESS FOR A PARTICULAR PURPOSE.

configure:11304: $? = 0
configure:11293: gcc -v >&5
Using built-in specs.
Target: i486-linux-gnu
Configured with: ../src/configure -v --with-pkgversion='Ubuntu 4.4.3-4ubuntu5.1' --with-bugurl=file:///usr/share/doc/gcc-4.4/README.Bugs --enable-languages=c,c++,fortran,objc,obj-c++ --prefix=/usr --enable-shared --enable-multiarch --enable-linker-build-id --with-system-zlib --libexecdir=/usr/lib --without-included-gettext --enable-threads=posix --with-gxx-include-dir=/usr/include/c++/4.4 --program-suffix=-4.4 --enable-nls --enable-clocale=gnu --enable-libstdcxx-debug --enable-plugin --enable-objc-gc --enable-targets=all --disable-werror --with-arch-32=i486 --with-tune=generic --enable-checking=release --build=i486-linux-gnu --host=i486-linux-gnu --target=i486-linux-gnu
Thread model: posix
gcc version 4.4.3 (Ubuntu 4.4.3-4ubuntu5.1) 
configure:11304: $? = 0
configure:11293: gcc -V >&5
gcc: '-V' option must have argument
configure:11304: $? = 1
configure:11293: gcc -qversion >&5
gcc: unrecognized option '-qversion'
gcc: no input files
configure:11304: $? = 1
configure:11308: checking whether we are using the GNU C compiler
configure:11336: result: yes
configure:11345: checking whether gcc accepts -g
configure:11406: result: yes
configure:11423: checking for gcc option to accept ISO C89
configure:11500: result: none needed
configure:11522: checking dependency style of gcc
configure:11632: result: gcc3
configure:11650: checking for xsltproc
configure:11668: found /usr/bin/xsltproc
configure:11681: result: /usr/bin/xsltproc
configure:11704: checking for XCBPROTO
configure:11712: $PKG_CONFIG --exists --print-errors "xcb-proto >= 1.5"
configure:11715: $? = 0
configure:11730: $PKG_CONFIG --exists --print-errors "xcb-proto >= 1.5"
configure:11733: $? = 0
configure:11788: result: yes
configure:11795: checking for NEEDED
configure:11803: $PKG_CONFIG --exists --print-errors "$NEEDED"
configure:11806: $? = 0
configure:11821: $PKG_CONFIG --exists --print-errors "$NEEDED"
configure:11824: $? = 0
configure:11879: result: yes
configure:11887: checking for XDMCP
configure:11895: $PKG_CONFIG --exists --print-errors "xdmcp"
Package xdmcp was not found in the pkg-config search path.
Perhaps you should add the directory containing `xdmcp.pc'
to the PKG_CONFIG_PATH environment variable
No package 'xdmcp' found
configure:11898: $? = 1
configure:11913: $PKG_CONFIG --exists --print-errors "xdmcp"
Package xdmcp was not found in the pkg-config search path.
Perhaps you should add the directory containing `xdmcp.pc'
to the PKG_CONFIG_PATH environment variable
No package 'xdmcp' found
configure:11916: $? = 1
No package 'xdmcp' found
configure:11944: result: no
configure:11946: result: no
configure:12012: checking XCBPROTO_XCBINCLUDEDIR
configure:12015: result: /usr/share/xcb
configure:12024: checking XCBPROTO_XCBPYTHONDIR
configure:12027: result: /nonexistent
configure:12031: checking for ANSI C header files
configure:12135: result: yes
configure:12143: checking for library containing getaddrinfo
configure:12174: gcc -o conftest -g -O2   conftest.c  >&5
configure:12174: $? = 0
configure:12191: result: none required
configure:12199: checking for library containing connect
configure:12230: gcc -o conftest -g -O2   conftest.c  >&5
configure:12230: $? = 0
configure:12247: result: none required
configure:12278: checking for struct sockaddr_un.sun_len
configure:12278: gcc -c -g -O2  conftest.c >&5
conftest.c: In function 'main':
conftest.c:34: error: 'struct sockaddr_un' has no member named 'sun_len'
configure:12278: $? = 1
configure: failed program was:
| /* confdefs.h */
| #define PACKAGE_NAME "libxcb"
| #define PACKAGE_TARNAME "libxcb"
| #define PACKAGE_VERSION "1.5"
| #define PACKAGE_STRING "libxcb 1.5"
| #define PACKAGE_BUGREPORT "xcb@lists.freedesktop.org"
| #define PACKAGE_URL ""
| #define PACKAGE "libxcb"
| #define VERSION "1.5"
| #define STDC_HEADERS 1
| #define HAVE_SYS_TYPES_H 1
| #define HAVE_SYS_STAT_H 1
| #define HAVE_STDLIB_H 1
| #define HAVE_STRING_H 1
| #define HAVE_MEMORY_H 1
| #define HAVE_STRINGS_H 1
| #define HAVE_INTTYPES_H 1
| #define HAVE_STDINT_H 1
| #define HAVE_UNISTD_H 1
| #define HAVE_DLFCN_H 1
| #define LT_OBJDIR ".libs/"
| #define STDC_HEADERS 1
| #define HAVE_ABSTRACT_SOCKETS 1
| #define XCB_QUEUE_BUFFER_SIZE 16384
| /* end confdefs.h.  */
|  #include <sys/types.h>
| 		  #include <sys/un.h>
| 
| 
| int
| main ()
| {
| static struct sockaddr_un ac_aggr;
| if (ac_aggr.sun_len)
| return 0;
|   ;
|   return 0;
| }
configure:12278: gcc -c -g -O2  conftest.c >&5
conftest.c: In function 'main':
conftest.c:34: error: 'struct sockaddr_un' has no member named 'sun_len'
configure:12278: $? = 1
configure: failed program was:
| /* confdefs.h */
| #define PACKAGE_NAME "libxcb"
| #define PACKAGE_TARNAME "libxcb"
| #define PACKAGE_VERSION "1.5"
| #define PACKAGE_STRING "libxcb 1.5"
| #define PACKAGE_BUGREPORT "xcb@lists.freedesktop.org"
| #define PACKAGE_URL ""
| #define PACKAGE "libxcb"
| #define VERSION "1.5"
| #define STDC_HEADERS 1
| #define HAVE_SYS_TYPES_H 1
| #define HAVE_SYS_STAT_H 1
| #define HAVE_STDLIB_H 1
| #define HAVE_STRING_H 1
| #define HAVE_MEMORY_H 1
| #define HAVE_STRINGS_H 1
| #define HAVE_INTTYPES_H 1
| #define HAVE_STDINT_H 1
| #define HAVE_UNISTD_H 1
| #define HAVE_DLFCN_H 1
| #define LT_OBJDIR ".libs/"
| #define STDC_HEADERS 1
| #define HAVE_ABSTRACT_SOCKETS 1
| #define XCB_QUEUE_BUFFER_SIZE 16384
| /* end confdefs.h.  */
|  #include <sys/types.h>
| 		  #include <sys/un.h>
| 
| 
| int
| main ()
| {
| static struct sockaddr_un ac_aggr;
| if (sizeof ac_aggr.sun_len)
| return 0;
|   ;
|   return 0;
| }
configure:12278: result: no
configure:12310: checking whether gcc supports symbol visibility
configure:12331: gcc -c -g -O2 -fvisibility=hidden -fvisibility-inlines-hidden  conftest.c >&5
cc1: warning: command line option "-fvisibility-inlines-hidden" is valid for C++/ObjC++ but not for C
configure:12331: $? = 0
configure:12336: result: yes
configure:12424: checking for doxygen
configure:12452: result: no
configure:12469: WARNING: Warning: no doxygen detected. Documentation will not be built
configure:12476: checking for dot
configure:12507: result: no
configure:12516: WARNING: Warning: no dot detected. Documentation will not be built
configure:12521: checking whether documentation is built
configure:12523: result: no
configure:12544: checking for poll
configure:12544: gcc -o conftest -g -O2   conftest.c  >&5
configure:12544: $? = 0
configure:12544: result: yes
configure:13004: checking for launchd
configure:13032: result: no
configure:13279: creating ./config.status

## ---------------------- ##
## Running config.status. ##
## ---------------------- ##

This file was extended by libxcb config.status 1.5, which was
generated by GNU Autoconf 2.65.  Invocation command line was

  CONFIG_FILES    = 
  CONFIG_HEADERS  = 
  CONFIG_LINKS    = 
  CONFIG_COMMANDS = 
  $ ./config.status 

on xeno1-desktop

config.status:1175: creating Makefile
config.status:1175: creating doc/Makefile
config.status:1175: creating src/Makefile
config.status:1175: creating tests/Makefile
config.status:1175: creating xcb.pc
config.status:1175: creating xcb-composite.pc
config.status:1175: creating xcb-damage.pc
config.status:1175: creating xcb-dpms.pc
config.status:1175: creating xcb-dri2.pc
config.status:1175: creating xcb-glx.pc
config.status:1175: creating xcb-randr.pc
config.status:1175: creating xcb-record.pc
config.status:1175: creating xcb-render.pc
config.status:1175: creating xcb-res.pc
config.status:1175: creating xcb-screensaver.pc
config.status:1175: creating xcb-shape.pc
config.status:1175: creating xcb-shm.pc
config.status:1175: creating xcb-sync.pc
config.status:1175: creating xcb-xevie.pc
config.status:1175: creating xcb-xf86dri.pc
config.status:1175: creating xcb-xfixes.pc
config.status:1175: creating xcb-xinerama.pc
config.status:1175: creating xcb-xinput.pc
config.status:1175: creating xcb-xprint.pc
config.status:1175: creating xcb-xselinux.pc
config.status:1175: creating xcb-xtest.pc
config.status:1175: creating xcb-xv.pc
config.status:1175: creating xcb-xvmc.pc
config.status:1175: creating doc/xcb.doxygen
config.status:1175: creating src/config.h
config.status:1395: executing depfiles commands
config.status:1395: executing libtool commands

## ---------------- ##
## Cache variables. ##
## ---------------- ##

ac_cv_build=i686-pc-linux-gnu
ac_cv_c_compiler_gnu=yes
ac_cv_env_CC_set=
ac_cv_env_CC_value=
ac_cv_env_CFLAGS_set=
ac_cv_env_CFLAGS_value=
ac_cv_env_CHECK_CFLAGS_set=
ac_cv_env_CHECK_CFLAGS_value=
ac_cv_env_CHECK_LIBS_set=
ac_cv_env_CHECK_LIBS_value=
ac_cv_env_CPPFLAGS_set=
ac_cv_env_CPPFLAGS_value=
ac_cv_env_CPP_set=
ac_cv_env_CPP_value=
ac_cv_env_LDFLAGS_set=
ac_cv_env_LDFLAGS_value=
ac_cv_env_LIBS_set=
ac_cv_env_LIBS_value=
ac_cv_env_NEEDED_CFLAGS_set=
ac_cv_env_NEEDED_CFLAGS_value=
ac_cv_env_NEEDED_LIBS_set=
ac_cv_env_NEEDED_LIBS_value=
ac_cv_env_PKG_CONFIG_set=
ac_cv_env_PKG_CONFIG_value=
ac_cv_env_XCBPROTO_CFLAGS_set=
ac_cv_env_XCBPROTO_CFLAGS_value=
ac_cv_env_XCBPROTO_LIBS_set=
ac_cv_env_XCBPROTO_LIBS_value=
ac_cv_env_XDMCP_CFLAGS_set=
ac_cv_env_XDMCP_CFLAGS_value=
ac_cv_env_XDMCP_LIBS_set=
ac_cv_env_XDMCP_LIBS_value=
ac_cv_env_build_alias_set=
ac_cv_env_build_alias_value=
ac_cv_env_host_alias_set=
ac_cv_env_host_alias_value=
ac_cv_env_target_alias_set=
ac_cv_env_target_alias_value=
ac_cv_func_poll=yes
ac_cv_header_dlfcn_h=yes
ac_cv_header_inttypes_h=yes
ac_cv_header_memory_h=yes
ac_cv_header_stdc=yes
ac_cv_header_stdint_h=yes
ac_cv_header_stdlib_h=yes
ac_cv_header_string_h=yes
ac_cv_header_strings_h=yes
ac_cv_header_sys_stat_h=yes
ac_cv_header_sys_types_h=yes
ac_cv_header_unistd_h=yes
ac_cv_host=i686-pc-linux-gnu
ac_cv_member_struct_sockaddr_un_sun_len=no
ac_cv_objext=o
ac_cv_path_DOT=no
ac_cv_path_EGREP='/bin/grep -E'
ac_cv_path_FGREP='/bin/grep -F'
ac_cv_path_GREP=/bin/grep
ac_cv_path_PYTHON=/usr/bin/python
ac_cv_path_SED=/bin/sed
ac_cv_path_XSLTPROC=/usr/bin/xsltproc
ac_cv_path_ac_pt_PKG_CONFIG=/usr/bin/pkg-config
ac_cv_path_install='/usr/bin/install -c'
ac_cv_path_mkdir=/bin/mkdir
ac_cv_prog_AWK=gawk
ac_cv_prog_BUILD_DOCS=no
ac_cv_prog_CPP='gcc -E'
ac_cv_prog_LAUNCHD=no
ac_cv_prog_ac_ct_AR=ar
ac_cv_prog_ac_ct_CC=gcc
ac_cv_prog_ac_ct_OBJDUMP=objdump
ac_cv_prog_ac_ct_RANLIB=ranlib
ac_cv_prog_ac_ct_STRIP=strip
ac_cv_prog_cc_c89=
ac_cv_prog_cc_g=yes
ac_cv_prog_make_make_set=yes
ac_cv_search_connect='none required'
ac_cv_search_getaddrinfo='none required'
am_cv_CC_dependencies_compiler_type=gcc3
am_cv_pathless_PYTHON=python
am_cv_python_platform=linux2
am_cv_python_pyexecdir='${exec_prefix}/lib/python2.6/site-packages'
am_cv_python_pythondir='${prefix}/lib/python2.6/site-packages'
am_cv_python_version=2.6
lt_cv_deplibs_check_method=pass_all
lt_cv_file_magic_cmd='$MAGIC_CMD'
lt_cv_file_magic_test_file=
lt_cv_ld_reload_flag=-r
lt_cv_nm_interface='BSD nm'
lt_cv_objdir=.libs
lt_cv_path_LD=/usr/bin/ld
lt_cv_path_NM='/usr/bin/nm -B'
lt_cv_prog_compiler_c_o=yes
lt_cv_prog_compiler_pic_works=yes
lt_cv_prog_compiler_rtti_exceptions=no
lt_cv_prog_compiler_static_works=yes
lt_cv_prog_gnu_ld=yes
lt_cv_sys_global_symbol_pipe='sed -n -e '\''s/^.*[	 ]\([ABCDGIRSTW][ABCDGIRSTW]*\)[	 ][	 ]*\([_A-Za-z][_A-Za-z0-9]*\)$/\1 \2 \2/p'\'''
lt_cv_sys_global_symbol_to_c_name_address='sed -n -e '\''s/^: \([^ ]*\) $/  {\"\1\", (void *) 0},/p'\'' -e '\''s/^[ABCDGIRSTW]* \([^ ]*\) \([^ ]*\)$/  {"\2", (void *) \&\2},/p'\'''
lt_cv_sys_global_symbol_to_c_name_address_lib_prefix='sed -n -e '\''s/^: \([^ ]*\) $/  {\"\1\", (void *) 0},/p'\'' -e '\''s/^[ABCDGIRSTW]* \([^ ]*\) \(lib[^ ]*\)$/  {"\2", (void *) \&\2},/p'\'' -e '\''s/^[ABCDGIRSTW]* \([^ ]*\) \([^ ]*\)$/  {"lib\2", (void *) \&\2},/p'\'''
lt_cv_sys_global_symbol_to_cdecl='sed -n -e '\''s/^T .* \(.*\)$/extern int \1();/p'\'' -e '\''s/^[ABCDGIRSTW]* .* \(.*\)$/extern char \1;/p'\'''
lt_cv_sys_max_cmd_len=1572864
pkg_cv_NEEDED_CFLAGS=' '
pkg_cv_NEEDED_LIBS='-lXau  '
pkg_cv_XCBPROTO_CFLAGS=' '
pkg_cv_XCBPROTO_LIBS=' '

## ----------------- ##
## Output variables. ##
## ----------------- ##

ACLOCAL='${SHELL} /home/xeno1/rexeno/rexeno/3rdparties/linux-ububuntu-10-04-noxeno/src/xcb-glx0/libxcb-1.5/missing --run aclocal-1.11'
AMDEPBACKSLASH='\'
AMDEP_FALSE='#'
AMDEP_TRUE=''
AMTAR='${SHELL} /home/xeno1/rexeno/rexeno/3rdparties/linux-ububuntu-10-04-noxeno/src/xcb-glx0/libxcb-1.5/missing --run tar'
AR='ar'
AUTOCONF='${SHELL} /home/xeno1/rexeno/rexeno/3rdparties/linux-ububuntu-10-04-noxeno/src/xcb-glx0/libxcb-1.5/missing --run autoconf'
AUTOHEADER='${SHELL} /home/xeno1/rexeno/rexeno/3rdparties/linux-ububuntu-10-04-noxeno/src/xcb-glx0/libxcb-1.5/missing --run autoheader'
AUTOMAKE='${SHELL} /home/xeno1/rexeno/rexeno/3rdparties/linux-ububuntu-10-04-noxeno/src/xcb-glx0/libxcb-1.5/missing --run automake-1.11'
AWK='gawk'
BUILD_COMPOSITE_FALSE='#'
BUILD_COMPOSITE_TRUE=''
BUILD_DAMAGE_FALSE='#'
BUILD_DAMAGE_TRUE=''
BUILD_DOCS='no'
BUILD_DOCS_FALSE=''
BUILD_DOCS_TRUE='#'
BUILD_DPMS_FALSE='#'
BUILD_DPMS_TRUE=''
BUILD_DRI2_FALSE='#'
BUILD_DRI2_TRUE=''
BUILD_GLX_FALSE='#'
BUILD_GLX_TRUE=''
BUILD_RANDR_FALSE='#'
BUILD_RANDR_TRUE=''
BUILD_RECORD_FALSE='#'
BUILD_RECORD_TRUE=''
BUILD_RENDER_FALSE='#'
BUILD_RENDER_TRUE=''
BUILD_RESOURCE_FALSE='#'
BUILD_RESOURCE_TRUE=''
BUILD_SCREENSAVER_FALSE='#'
BUILD_SCREENSAVER_TRUE=''
BUILD_SELINUX_FALSE=''
BUILD_SELINUX_TRUE='#'
BUILD_SHAPE_FALSE='#'
BUILD_SHAPE_TRUE=''
BUILD_SHM_FALSE='#'
BUILD_SHM_TRUE=''
BUILD_SYNC_FALSE='#'
BUILD_SYNC_TRUE=''
BUILD_XEVIE_FALSE='#'
BUILD_XEVIE_TRUE=''
BUILD_XFIXES_FALSE='#'
BUILD_XFIXES_TRUE=''
BUILD_XFREE86_DRI_FALSE='#'
BUILD_XFREE86_DRI_TRUE=''
BUILD_XINERAMA_FALSE='#'
BUILD_XINERAMA_TRUE=''
BUILD_XINPUT_FALSE=''
BUILD_XINPUT_TRUE='#'
BUILD_XPRINT_FALSE='#'
BUILD_XPRINT_TRUE=''
BUILD_XTEST_FALSE='#'
BUILD_XTEST_TRUE=''
BUILD_XVMC_FALSE='#'
BUILD_XVMC_TRUE=''
BUILD_XV_FALSE='#'
BUILD_XV_TRUE=''
CC='gcc'
CCDEPMODE='depmode=gcc3'
CFLAGS='-g -O2'
CHECK_CFLAGS=''
CHECK_LIBS=''
CPP='gcc -E'
CPPFLAGS=''
CWARNFLAGS='-Wall -pedantic -Wpointer-arith 		-Wstrict-prototypes -Wmissing-declarations -Wnested-externs'
CYGPATH_W='echo'
DEFS='-DHAVE_CONFIG_H'
DEPDIR='.deps'
DOT='no'
DOXYGEN='doxygen'
DSYMUTIL=''
DUMPBIN=''
ECHO_C=''
ECHO_N='-n'
ECHO_T=''
EGREP='/bin/grep -E'
EXEEXT=''
FGREP='/bin/grep -F'
GREP='/bin/grep'
HAVE_CHECK_FALSE=''
HAVE_CHECK_TRUE='#'
HTML_CHECK_RESULT='false'
INSTALL_DATA='${INSTALL} -m 644'
INSTALL_PROGRAM='${INSTALL}'
INSTALL_SCRIPT='${INSTALL}'
INSTALL_STRIP_PROGRAM='$(install_sh) -c -s'
LAUNCHD='no'
LD='/usr/bin/ld'
LDFLAGS=''
LIBOBJS=''
LIBS=''
LIBTOOL='$(SHELL) $(top_builddir)/libtool'
LIPO=''
LN_S='ln -s'
LTLIBOBJS=''
MAKEINFO='${SHELL} /home/xeno1/rexeno/rexeno/3rdparties/linux-ububuntu-10-04-noxeno/src/xcb-glx0/libxcb-1.5/missing --run makeinfo'
MKDIR_P='/bin/mkdir -p'
NEEDED='pthread-stubs xau >= 0.99.2'
NEEDED_CFLAGS=' '
NEEDED_LIBS='-lXau  '
NM='/usr/bin/nm -B'
NMEDIT=''
OBJDUMP='objdump'
OBJEXT='o'
OTOOL64=''
OTOOL=''
PACKAGE='libxcb'
PACKAGE_BUGREPORT='xcb@lists.freedesktop.org'
PACKAGE_NAME='libxcb'
PACKAGE_STRING='libxcb 1.5'
PACKAGE_TARNAME='libxcb'
PACKAGE_URL=''
PACKAGE_VERSION='1.5'
PATH_SEPARATOR=':'
PKG_CONFIG='/usr/bin/pkg-config'
PYTHON='/usr/bin/python'
PYTHON_EXEC_PREFIX='${exec_prefix}'
PYTHON_PLATFORM='linux2'
PYTHON_PREFIX='${prefix}'
PYTHON_VERSION='2.6'
RANLIB='ranlib'
SED='/bin/sed'
SET_MAKE=''
SHELL='/bin/bash'
STRIP='strip'
VERSION='1.5'
XCBPROTO_CFLAGS=' '
XCBPROTO_LIBS=' '
XCBPROTO_VERSION='1.6'
XCBPROTO_XCBINCLUDEDIR='/usr/share/xcb'
XCBPROTO_XCBPYTHONDIR='/nonexistent'
XDMCP_CFLAGS=''
XDMCP_LIBS=''
XSLTPROC='/usr/bin/xsltproc'
ac_ct_CC='gcc'
ac_ct_DUMPBIN=''
am__EXEEXT_FALSE=''
am__EXEEXT_TRUE='#'
am__fastdepCC_FALSE='#'
am__fastdepCC_TRUE=''
am__include='include'
am__isrc=''
am__leading_dot='.'
am__quote=''
am__tar='${AMTAR} chof - "$$tardir"'
am__untar='${AMTAR} xf -'
bindir='${exec_prefix}/bin'
build='i686-pc-linux-gnu'
build_alias=''
build_cpu='i686'
build_os='linux-gnu'
build_vendor='pc'
datadir='${datarootdir}'
datarootdir='${prefix}/share'
docdir='${datarootdir}/doc/${PACKAGE_TARNAME}'
dvidir='${docdir}'
exec_prefix='${prefix}'
host='i686-pc-linux-gnu'
host_alias=''
host_cpu='i686'
host_os='linux-gnu'
host_vendor='pc'
htmldir='${docdir}'
includedir='${prefix}/include'
infodir='${datarootdir}/info'
install_sh='${SHELL} /home/xeno1/rexeno/rexeno/3rdparties/linux-ububuntu-10-04-noxeno/src/xcb-glx0/libxcb-1.5/install-sh'
libdir='${exec_prefix}/lib'
libexecdir='${exec_prefix}/libexec'
localedir='${datarootdir}/locale'
localstatedir='${prefix}/var'
lt_ECHO='echo'
mandir='${datarootdir}/man'
mkdir_p='/bin/mkdir -p'
oldincludedir='/usr/include'
pdfdir='${docdir}'
pkgpyexecdir='${pyexecdir}/libxcb'
pkgpythondir='${pythondir}/libxcb'
prefix='/home/xeno1/rexeno/rexeno/3rdparties/linux-ububuntu-10-04-noxeno/target/xcb-glx0'
program_transform_name='s,x,x,'
psdir='${docdir}'
pyexecdir='${exec_prefix}/lib/python2.6/site-packages'
pythondir='${prefix}/lib/python2.6/site-packages'
sbindir='${exec_prefix}/sbin'
sharedstatedir='${prefix}/com'
sysconfdir='${prefix}/etc'
target_alias=''
xcbincludedir='${includedir}/xcb'

## ----------- ##
## confdefs.h. ##
## ----------- ##

/* confdefs.h */
#define PACKAGE_NAME "libxcb"
#define PACKAGE_TARNAME "libxcb"
#define PACKAGE_VERSION "1.5"
#define PACKAGE_STRING "libxcb 1.5"
#define PACKAGE_BUGREPORT "xcb@lists.freedesktop.org"
#define PACKAGE_URL ""
#define PACKAGE "libxcb"
#define VERSION "1.5"
#define STDC_HEADERS 1
#define HAVE_SYS_TYPES_H 1
#define HAVE_SYS_STAT_H 1
#define HAVE_STDLIB_H 1
#define HAVE_STRING_H 1
#define HAVE_MEMORY_H 1
#define HAVE_STRINGS_H 1
#define HAVE_INTTYPES_H 1
#define HAVE_STDINT_H 1
#define HAVE_UNISTD_H 1
#define HAVE_DLFCN_H 1
#define LT_OBJDIR ".libs/"
#define STDC_HEADERS 1
#define HAVE_ABSTRACT_SOCKETS 1
#define XCB_QUEUE_BUFFER_SIZE 16384
#define GCC_HAS_VISIBILITY /**/
#define USE_POLL 1

configure: exit 0
