This file contains any messages produced by compilers while
running configure, to aid debugging if configure makes a mistake.

It was created by Mesa configure 7.7.1, which was
generated by GNU Autoconf 2.63.  Invocation command line was

  $ ./configure --prefix=/home/xeno1/rexeno/rexeno/3rdparties/linux-ububuntu-10-04-noxeno/target/gl-mesa/

## --------- ##
## Platform. ##
## --------- ##

hostname = xeno1-desktop
uname -m = i686
uname -r = 2.6.32-24-generic
uname -s = Linux
uname -v = #39-Ubuntu SMP Wed Jul 28 06:07:29 UTC 2010

/usr/bin/uname -p = unknown
/bin/uname -X     = unknown

/bin/arch              = unknown
/usr/bin/arch -k       = unknown
/usr/convex/getsysinfo = unknown
/usr/bin/hostinfo      = unknown
/bin/machine           = unknown
/usr/bin/oslevel       = unknown
/bin/universe          = unknown

PATH: /usr/local/sbin
PATH: /usr/local/bin
PATH: /usr/sbin
PATH: /usr/bin
PATH: /sbin
PATH: /bin
PATH: /usr/games


## ----------- ##
## Core tests. ##
## ----------- ##

configure:2133: checking build system type
configure:2151: result: i686-pc-linux-gnu
configure:2173: checking host system type
configure:2188: result: i686-pc-linux-gnu
configure:2265: checking for gcc
configure:2281: found /usr/bin/gcc
configure:2292: result: gcc
configure:2524: checking for C compiler version
configure:2532: gcc --version >&5
gcc (Ubuntu 4.4.3-4ubuntu5.1) 4.4.3
Copyright (C) 2009 Free Software Foundation, Inc.
This is free software; see the source for copying conditions.  There is NO
warranty; not even for MERCHANTABILITY or FITNESS FOR A PARTICULAR PURPOSE.

configure:2536: $? = 0
configure:2543: gcc -v >&5
Using built-in specs.
Target: i486-linux-gnu
Configured with: ../src/configure -v --with-pkgversion='Ubuntu 4.4.3-4ubuntu5.1' --with-bugurl=file:///usr/share/doc/gcc-4.4/README.Bugs --enable-languages=c,c++,fortran,objc,obj-c++ --prefix=/usr --enable-shared --enable-multiarch --enable-linker-build-id --with-system-zlib --libexecdir=/usr/lib --without-included-gettext --enable-threads=posix --with-gxx-include-dir=/usr/include/c++/4.4 --program-suffix=-4.4 --enable-nls --enable-clocale=gnu --enable-libstdcxx-debug --enable-plugin --enable-objc-gc --enable-targets=all --disable-werror --with-arch-32=i486 --with-tune=generic --enable-checking=release --build=i486-linux-gnu --host=i486-linux-gnu --target=i486-linux-gnu
Thread model: posix
gcc version 4.4.3 (Ubuntu 4.4.3-4ubuntu5.1) 
configure:2547: $? = 0
configure:2554: gcc -V >&5
gcc: '-V' option must have argument
configure:2558: $? = 1
configure:2581: checking for C compiler default output file name
configure:2603: gcc    conftest.c  >&5
configure:2607: $? = 0
configure:2645: result: a.out
configure:2664: checking whether the C compiler works
configure:2674: ./a.out
configure:2678: $? = 0
configure:2697: result: yes
configure:2704: checking whether we are cross compiling
configure:2706: result: no
configure:2709: checking for suffix of executables
configure:2716: gcc -o conftest    conftest.c  >&5
configure:2720: $? = 0
configure:2746: result: 
configure:2752: checking for suffix of object files
configure:2778: gcc -c   conftest.c >&5
configure:2782: $? = 0
configure:2807: result: o
configure:2811: checking whether we are using the GNU C compiler
configure:2840: gcc -c   conftest.c >&5
configure:2847: $? = 0
configure:2864: result: yes
configure:2873: checking whether gcc accepts -g
configure:2903: gcc -c -g  conftest.c >&5
configure:2910: $? = 0
configure:3011: result: yes
configure:3028: checking for gcc option to accept ISO C89
configure:3102: gcc  -c -g -O2  conftest.c >&5
configure:3109: $? = 0
configure:3132: result: none needed
configure:3155: checking how to run the C preprocessor
configure:3195: gcc -E  conftest.c
configure:3202: $? = 0
configure:3233: gcc -E  conftest.c
conftest.c:8:28: error: ac_nonexistent.h: No such file or directory
configure:3240: $? = 1
configure: failed program was:
| /* confdefs.h.  */
| #define PACKAGE_NAME "Mesa"
| #define PACKAGE_TARNAME "mesa"
| #define PACKAGE_VERSION "7.7.1"
| #define PACKAGE_STRING "Mesa 7.7.1"
| #define PACKAGE_BUGREPORT "https://bugs.freedesktop.org/enter_bug.cgi?product=Mesa"
| /* end confdefs.h.  */
| #include <ac_nonexistent.h>
configure:3273: result: gcc -E
configure:3302: gcc -E  conftest.c
configure:3309: $? = 0
configure:3340: gcc -E  conftest.c
conftest.c:8:28: error: ac_nonexistent.h: No such file or directory
configure:3347: $? = 1
configure: failed program was:
| /* confdefs.h.  */
| #define PACKAGE_NAME "Mesa"
| #define PACKAGE_TARNAME "mesa"
| #define PACKAGE_VERSION "7.7.1"
| #define PACKAGE_STRING "Mesa 7.7.1"
| #define PACKAGE_BUGREPORT "https://bugs.freedesktop.org/enter_bug.cgi?product=Mesa"
| /* end confdefs.h.  */
| #include <ac_nonexistent.h>
configure:3434: checking for gcc
configure:3461: result: gcc
configure:3693: checking for C compiler version
configure:3701: gcc --version >&5
gcc (Ubuntu 4.4.3-4ubuntu5.1) 4.4.3
Copyright (C) 2009 Free Software Foundation, Inc.
This is free software; see the source for copying conditions.  There is NO
warranty; not even for MERCHANTABILITY or FITNESS FOR A PARTICULAR PURPOSE.

configure:3705: $? = 0
configure:3712: gcc -v >&5
Using built-in specs.
Target: i486-linux-gnu
Configured with: ../src/configure -v --with-pkgversion='Ubuntu 4.4.3-4ubuntu5.1' --with-bugurl=file:///usr/share/doc/gcc-4.4/README.Bugs --enable-languages=c,c++,fortran,objc,obj-c++ --prefix=/usr --enable-shared --enable-multiarch --enable-linker-build-id --with-system-zlib --libexecdir=/usr/lib --without-included-gettext --enable-threads=posix --with-gxx-include-dir=/usr/include/c++/4.4 --program-suffix=-4.4 --enable-nls --enable-clocale=gnu --enable-libstdcxx-debug --enable-plugin --enable-objc-gc --enable-targets=all --disable-werror --with-arch-32=i486 --with-tune=generic --enable-checking=release --build=i486-linux-gnu --host=i486-linux-gnu --target=i486-linux-gnu
Thread model: posix
gcc version 4.4.3 (Ubuntu 4.4.3-4ubuntu5.1) 
configure:3716: $? = 0
configure:3723: gcc -V >&5
gcc: '-V' option must have argument
configure:3727: $? = 1
configure:3730: checking whether we are using the GNU C compiler
configure:3783: result: yes
configure:3792: checking whether gcc accepts -g
configure:3930: result: yes
configure:3947: checking for gcc option to accept ISO C89
configure:4051: result: none needed
configure:4127: checking for g++
configure:4143: found /usr/bin/g++
configure:4154: result: g++
configure:4181: checking for C++ compiler version
configure:4189: g++ --version >&5
g++ (Ubuntu 4.4.3-4ubuntu5.1) 4.4.3
Copyright (C) 2009 Free Software Foundation, Inc.
This is free software; see the source for copying conditions.  There is NO
warranty; not even for MERCHANTABILITY or FITNESS FOR A PARTICULAR PURPOSE.

configure:4193: $? = 0
configure:4200: g++ -v >&5
Using built-in specs.
Target: i486-linux-gnu
Configured with: ../src/configure -v --with-pkgversion='Ubuntu 4.4.3-4ubuntu5.1' --with-bugurl=file:///usr/share/doc/gcc-4.4/README.Bugs --enable-languages=c,c++,fortran,objc,obj-c++ --prefix=/usr --enable-shared --enable-multiarch --enable-linker-build-id --with-system-zlib --libexecdir=/usr/lib --without-included-gettext --enable-threads=posix --with-gxx-include-dir=/usr/include/c++/4.4 --program-suffix=-4.4 --enable-nls --enable-clocale=gnu --enable-libstdcxx-debug --enable-plugin --enable-objc-gc --enable-targets=all --disable-werror --with-arch-32=i486 --with-tune=generic --enable-checking=release --build=i486-linux-gnu --host=i486-linux-gnu --target=i486-linux-gnu
Thread model: posix
gcc version 4.4.3 (Ubuntu 4.4.3-4ubuntu5.1) 
configure:4204: $? = 0
configure:4211: g++ -V >&5
g++: '-V' option must have argument
configure:4215: $? = 1
configure:4218: checking whether we are using the GNU C++ compiler
configure:4247: g++ -c   conftest.cpp >&5
configure:4254: $? = 0
configure:4271: result: yes
configure:4280: checking whether g++ accepts -g
configure:4310: g++ -c -g  conftest.cpp >&5
configure:4317: $? = 0
configure:4418: result: yes
configure:4445: checking for gmake
configure:4475: result: no
configure:4445: checking for make
configure:4461: found /usr/bin/make
configure:4472: result: make
configure:4485: checking for makedepend
configure:4518: result: no
configure:4525: checking for sed
configure:4543: found /bin/sed
configure:4555: result: /bin/sed
configure:4578: checking for a BSD-compatible install
configure:4646: result: /usr/bin/install -c
configure:4774: checking for pkg-config
configure:4792: found /usr/bin/pkg-config
configure:4804: result: /usr/bin/pkg-config
configure:4829: checking pkg-config is at least version 0.9.0
configure:4832: result: yes
configure:5042: checking whether to enable assembly
configure:5094: result: yes, x86
configure:5142: checking for gcc option to produce PIC
configure:5228: result: -fPIC
configure:5235: checking for dlopen
configure:5291: gcc -o conftest -g -O2 -Wall -Wmissing-prototypes -std=c99 -ffast-math -fno-strict-aliasing   conftest.c  >&5
/tmp/ccbV6kht.o: In function `main':
/home/xeno1/rexeno/rexeno/3rdparties/linux-ububuntu-10-04-noxeno/src/gl-mesa/mesa-7.7.1/conftest.c:42: undefined reference to `dlopen'
collect2: ld returned 1 exit status
configure:5298: $? = 1
configure: failed program was:
| /* confdefs.h.  */
| #define PACKAGE_NAME "Mesa"
| #define PACKAGE_TARNAME "mesa"
| #define PACKAGE_VERSION "7.7.1"
| #define PACKAGE_STRING "Mesa 7.7.1"
| #define PACKAGE_BUGREPORT "https://bugs.freedesktop.org/enter_bug.cgi?product=Mesa"
| /* end confdefs.h.  */
| /* Define dlopen to an innocuous variant, in case <limits.h> declares dlopen.
|    For example, HP-UX 11i <limits.h> declares gettimeofday.  */
| #define dlopen innocuous_dlopen
| 
| /* System header to define __stub macros and hopefully few prototypes,
|     which can conflict with char dlopen (); below.
|     Prefer <limits.h> to <assert.h> if __STDC__ is defined, since
|     <limits.h> exists even on freestanding compilers.  */
| 
| #ifdef __STDC__
| # include <limits.h>
| #else
| # include <assert.h>
| #endif
| 
| #undef dlopen
| 
| /* Override any GCC internal prototype to avoid an error.
|    Use char because int might match the return type of a GCC
|    builtin and then its argument prototype would still apply.  */
| #ifdef __cplusplus
| extern "C"
| #endif
| char dlopen ();
| /* The GNU C library defines this for functions which it implements
|     to always fail with ENOSYS.  Some functions are actually named
|     something starting with __ and the normal name is an alias.  */
| #if defined __stub_dlopen || defined __stub___dlopen
| choke me
| #endif
| 
| int
| main ()
| {
| return dlopen ();
|   ;
|   return 0;
| }
configure:5318: result: no
configure:5323: checking for dlopen in -ldl
configure:5358: gcc -o conftest -g -O2 -Wall -Wmissing-prototypes -std=c99 -ffast-math -fno-strict-aliasing   conftest.c -ldl   >&5
configure:5365: $? = 0
configure:5386: result: yes
configure:5395: checking for posix_memalign
configure:5451: gcc -o conftest -g -O2 -Wall -Wmissing-prototypes -std=c99 -ffast-math -fno-strict-aliasing   conftest.c  >&5
configure:5458: $? = 0
configure:5478: result: yes
configure:6214: checking pkg-config files for X11 are available
configure:6217: $PKG_CONFIG --exists --print-errors "x11"
configure:6220: $? = 0
configure:6231: result: yes
configure:7786: checking for LIBDRM
configure:7793: $PKG_CONFIG --exists --print-errors "libdrm >= $LIBDRM_REQUIRED"
configure:7796: $? = 0
configure:7809: $PKG_CONFIG --exists --print-errors "libdrm >= $LIBDRM_REQUIRED"
configure:7812: $? = 0
configure:7889: result: yes
configure:7895: checking for DRI2PROTO
configure:7902: $PKG_CONFIG --exists --print-errors "dri2proto >= $DRI2PROTO_REQUIRED"
configure:7905: $? = 0
configure:7918: $PKG_CONFIG --exists --print-errors "dri2proto >= $DRI2PROTO_REQUIRED"
configure:7921: $? = 0
configure:7998: result: yes
configure:8007: checking for LIBDRM_RADEON
configure:8014: $PKG_CONFIG --exists --print-errors "libdrm_radeon libdrm >= $LIBDRM_RADEON_REQUIRED"
configure:8017: $? = 0
configure:8030: $PKG_CONFIG --exists --print-errors "libdrm_radeon libdrm >= $LIBDRM_RADEON_REQUIRED"
configure:8033: $? = 0
configure:8068: result: yes
configure:8088: checking for DRIGL
configure:8095: $PKG_CONFIG --exists --print-errors "$dri_modules"
configure:8098: $? = 0
configure:8111: $PKG_CONFIG --exists --print-errors "$dri_modules"
configure:8114: $? = 0
configure:8191: result: yes
configure:8515: checking expat.h usability
configure:8532: gcc -c -g -O2 -Wall -Wmissing-prototypes -std=c99 -ffast-math -fno-strict-aliasing  conftest.c >&5
conftest.c:41:19: error: expat.h: No such file or directory
configure:8539: $? = 1
configure: failed program was:
| /* confdefs.h.  */
| #define PACKAGE_NAME "Mesa"
| #define PACKAGE_TARNAME "mesa"
| #define PACKAGE_VERSION "7.7.1"
| #define PACKAGE_STRING "Mesa 7.7.1"
| #define PACKAGE_BUGREPORT "https://bugs.freedesktop.org/enter_bug.cgi?product=Mesa"
| /* end confdefs.h.  */
| #include <stdio.h>
| #ifdef HAVE_SYS_TYPES_H
| # include <sys/types.h>
| #endif
| #ifdef HAVE_SYS_STAT_H
| # include <sys/stat.h>
| #endif
| #ifdef STDC_HEADERS
| # include <stdlib.h>
| # include <stddef.h>
| #else
| # ifdef HAVE_STDLIB_H
| #  include <stdlib.h>
| # endif
| #endif
| #ifdef HAVE_STRING_H
| # if !defined STDC_HEADERS && defined HAVE_MEMORY_H
| #  include <memory.h>
| # endif
| # include <string.h>
| #endif
| #ifdef HAVE_STRINGS_H
| # include <strings.h>
| #endif
| #ifdef HAVE_INTTYPES_H
| # include <inttypes.h>
| #endif
| #ifdef HAVE_STDINT_H
| # include <stdint.h>
| #endif
| #ifdef HAVE_UNISTD_H
| # include <unistd.h>
| #endif
| #include <expat.h>
configure:8553: result: no
configure:8557: checking expat.h presence
configure:8572: gcc -E  conftest.c
conftest.c:8:19: error: expat.h: No such file or directory
configure:8579: $? = 1
configure: failed program was:
| /* confdefs.h.  */
| #define PACKAGE_NAME "Mesa"
| #define PACKAGE_TARNAME "mesa"
| #define PACKAGE_VERSION "7.7.1"
| #define PACKAGE_STRING "Mesa 7.7.1"
| #define PACKAGE_BUGREPORT "https://bugs.freedesktop.org/enter_bug.cgi?product=Mesa"
| /* end confdefs.h.  */
| #include <expat.h>
configure:8593: result: no
configure:8626: checking for expat.h
configure:8633: result: no
configure:8640: error: Expat required for DRI.

## ---------------- ##
## Cache variables. ##
## ---------------- ##

ac_cv_build=i686-pc-linux-gnu
ac_cv_c_compiler_gnu=yes
ac_cv_cxx_compiler_gnu=yes
ac_cv_env_ARCH_FLAGS_set=
ac_cv_env_ARCH_FLAGS_value=
ac_cv_env_CCC_set=
ac_cv_env_CCC_value=
ac_cv_env_CC_set=
ac_cv_env_CC_value=
ac_cv_env_CFLAGS_set=
ac_cv_env_CFLAGS_value=
ac_cv_env_CPPFLAGS_set=
ac_cv_env_CPPFLAGS_value=
ac_cv_env_CPP_set=
ac_cv_env_CPP_value=
ac_cv_env_CXXFLAGS_set=
ac_cv_env_CXXFLAGS_value=
ac_cv_env_CXX_set=
ac_cv_env_CXX_value=
ac_cv_env_DRI2PROTO_CFLAGS_set=
ac_cv_env_DRI2PROTO_CFLAGS_value=
ac_cv_env_DRI2PROTO_LIBS_set=
ac_cv_env_DRI2PROTO_LIBS_value=
ac_cv_env_DRIGL_CFLAGS_set=
ac_cv_env_DRIGL_CFLAGS_value=
ac_cv_env_DRIGL_LIBS_set=
ac_cv_env_DRIGL_LIBS_value=
ac_cv_env_EGL_CFLAGS_set=
ac_cv_env_EGL_CFLAGS_value=
ac_cv_env_EGL_LIBS_set=
ac_cv_env_EGL_LIBS_value=
ac_cv_env_EXTRA_LIB_PATH_set=
ac_cv_env_EXTRA_LIB_PATH_value=
ac_cv_env_GLUT_CFLAGS_set=
ac_cv_env_GLUT_CFLAGS_value=
ac_cv_env_GLUT_LIBS_set=
ac_cv_env_GLUT_LIBS_value=
ac_cv_env_GLW_CFLAGS_set=
ac_cv_env_GLW_CFLAGS_value=
ac_cv_env_GLW_LIBS_set=
ac_cv_env_GLW_LIBS_value=
ac_cv_env_LDFLAGS_set=
ac_cv_env_LDFLAGS_value=
ac_cv_env_LIBDRM_CFLAGS_set=
ac_cv_env_LIBDRM_CFLAGS_value=
ac_cv_env_LIBDRM_LIBS_set=
ac_cv_env_LIBDRM_LIBS_value=
ac_cv_env_LIBDRM_RADEON_CFLAGS_set=
ac_cv_env_LIBDRM_RADEON_CFLAGS_value=
ac_cv_env_LIBDRM_RADEON_LIBS_set=
ac_cv_env_LIBDRM_RADEON_LIBS_value=
ac_cv_env_LIBDRM_XORG_CFLAGS_set=
ac_cv_env_LIBDRM_XORG_CFLAGS_value=
ac_cv_env_LIBDRM_XORG_LIBS_set=
ac_cv_env_LIBDRM_XORG_LIBS_value=
ac_cv_env_LIBKMS_XORG_CFLAGS_set=
ac_cv_env_LIBKMS_XORG_CFLAGS_value=
ac_cv_env_LIBKMS_XORG_LIBS_set=
ac_cv_env_LIBKMS_XORG_LIBS_value=
ac_cv_env_LIBS_set=
ac_cv_env_LIBS_value=
ac_cv_env_MKLIB_OPTIONS_set=
ac_cv_env_MKLIB_OPTIONS_value=
ac_cv_env_OPT_FLAGS_set=
ac_cv_env_OPT_FLAGS_value=
ac_cv_env_PIC_FLAGS_set=
ac_cv_env_PIC_FLAGS_value=
ac_cv_env_PKG_CONFIG_set=
ac_cv_env_PKG_CONFIG_value=
ac_cv_env_X11_INCLUDES_set=
ac_cv_env_X11_INCLUDES_value=
ac_cv_env_XCB_CFLAGS_set=
ac_cv_env_XCB_CFLAGS_value=
ac_cv_env_XCB_LIBS_set=
ac_cv_env_XCB_LIBS_value=
ac_cv_env_XEXT_CFLAGS_set=
ac_cv_env_XEXT_CFLAGS_value=
ac_cv_env_XEXT_LIBS_set=
ac_cv_env_XEXT_LIBS_value=
ac_cv_env_XLIBGL_CFLAGS_set=
ac_cv_env_XLIBGL_CFLAGS_value=
ac_cv_env_XLIBGL_LIBS_set=
ac_cv_env_XLIBGL_LIBS_value=
ac_cv_env_XMKMF_set=
ac_cv_env_XMKMF_value=
ac_cv_env_XORG_CFLAGS_set=
ac_cv_env_XORG_CFLAGS_value=
ac_cv_env_XORG_LIBS_set=
ac_cv_env_XORG_LIBS_value=
ac_cv_env_build_alias_set=
ac_cv_env_build_alias_value=
ac_cv_env_host_alias_set=
ac_cv_env_host_alias_value=
ac_cv_env_target_alias_set=
ac_cv_env_target_alias_value=
ac_cv_func_dlopen=no
ac_cv_func_posix_memalign=yes
ac_cv_header_expat_h=no
ac_cv_host=i686-pc-linux-gnu
ac_cv_lib_dl_dlopen=yes
ac_cv_objext=o
ac_cv_path_SED=/bin/sed
ac_cv_path_ac_pt_PKG_CONFIG=/usr/bin/pkg-config
ac_cv_path_install='/usr/bin/install -c'
ac_cv_prog_CPP='gcc -E'
ac_cv_prog_MAKE=make
ac_cv_prog_ac_ct_CC=gcc
ac_cv_prog_ac_ct_CXX=g++
ac_cv_prog_cc_c89=
ac_cv_prog_cc_g=yes
ac_cv_prog_cxx_g=yes
pkg_cv_DRI2PROTO_CFLAGS=' '
pkg_cv_DRI2PROTO_LIBS=' '
pkg_cv_DRIGL_CFLAGS=' '
pkg_cv_DRIGL_LIBS='-lX11 -lXext -lXxf86vm -lXdamage -lXfixes  '
pkg_cv_LIBDRM_CFLAGS='-I/usr/include/drm  '
pkg_cv_LIBDRM_LIBS='-ldrm  '
pkg_cv_LIBDRM_RADEON_CFLAGS='-I/usr/include/drm  '
pkg_cv_LIBDRM_RADEON_LIBS='-ldrm_radeon -ldrm  '

## ----------------- ##
## Output variables. ##
## ----------------- ##

APP_LIB_DEPS=''
ARCH_FLAGS=''
ASM_FLAGS='-DUSE_X86_ASM -DUSE_MMX_ASM -DUSE_3DNOW_ASM -DUSE_SSE_ASM'
CC='gcc'
CFLAGS='-g -O2 -Wall -Wmissing-prototypes -std=c99 -ffast-math -fno-strict-aliasing'
CPP='gcc -E'
CPPFLAGS=''
CXX='g++'
CXXFLAGS='-g -O2 -Wall -fno-strict-aliasing'
DEFINES=' -D_GNU_SOURCE -DPTHREADS -DHAVE_POSIX_MEMALIGN -DUSE_EXTERNAL_DXTN_LIB=1 -DIN_DRI_DRIVER -DGLX_DIRECT_RENDERING -DGLX_INDIRECT_RENDERING -DHAVE_ALIAS'
DEFS=''
DRI2PROTO_CFLAGS=' '
DRI2PROTO_LIBS=' '
DRIGL_CFLAGS=' '
DRIGL_LIBS='-lX11 -lXext -lXxf86vm -lXdamage -lXfixes  '
DRIVER_DIRS='dri'
DRI_DIRS='i810 i915 i965 mach64 mga r128 r200 r300 r600 radeon savage sis tdfx unichrome ffb swrast'
DRI_DRIVER_INSTALL_DIR='${libdir}/dri'
DRI_DRIVER_SEARCH_DIR='${DRI_DRIVER_INSTALL_DIR}'
DRI_LIB_DEPS=''
DRI_PC_REQ_PRIV='libdrm >= 2.4.15'
ECHO_C=''
ECHO_N='-n'
ECHO_T=''
EGL_CFLAGS=''
EGL_LIBS=''
EGL_LIB_DEPS=''
EGREP=''
EXEEXT=''
EXPAT_INCLUDES=''
EXTRA_LIB_PATH=''
GALLIUM_AUXILIARY_DIRS='rbug draw translate cso_cache pipebuffer tgsi sct rtasm util indices vl'
GALLIUM_DIRS='auxiliary drivers state_trackers'
GALLIUM_DRIVERS_DIRS='softpipe failover trace identity'
GALLIUM_STATE_TRACKERS_DIRS=''
GALLIUM_WINSYS_DIRS=' drm'
GALLIUM_WINSYS_DRM_DIRS=''
GLAPI_ASM_SOURCES='$(X86_API)'
GLUT_CFLAGS=''
GLUT_LIBS=''
GLUT_LIB_DEPS=''
GLUT_LIB_GLOB='lib$(GLUT_LIB).*so*'
GLUT_LIB_NAME='lib$(GLUT_LIB).so'
GLUT_MESA_DEPS=''
GLUT_PC_CFLAGS=''
GLUT_PC_LIB_PRIV=''
GLUT_PC_REQ_PRIV=''
GLU_DIRS='sgi'
GLU_LIB_DEPS=''
GLU_LIB_GLOB='lib$(GLU_LIB).*so*'
GLU_LIB_NAME='lib$(GLU_LIB).so'
GLU_MESA_DEPS=''
GLU_PC_CFLAGS=''
GLU_PC_LIB_PRIV=''
GLU_PC_REQ=''
GLU_PC_REQ_PRIV=''
GLW_CFLAGS=''
GLW_LIBS=''
GLW_LIB_DEPS=''
GLW_LIB_GLOB='lib$(GLW_LIB).*so*'
GLW_LIB_NAME='lib$(GLW_LIB).so'
GLW_MESA_DEPS=''
GLW_PC_CFLAGS=''
GLW_PC_LIB_PRIV=''
GLW_PC_REQ_PRIV=''
GLW_SOURCES=''
GL_LIB_DEPS='-lX11 -lXext -lXxf86vm -lXdamage -lXfixes   -ldrm   -lm -lpthread -ldl'
GL_LIB_GLOB='lib$(GL_LIB).*so*'
GL_LIB_NAME='lib$(GL_LIB).so'
GL_PC_CFLAGS=''
GL_PC_LIB_PRIV='-lm -lpthread -ldl'
GL_PC_REQ_PRIV='libdrm >= 2.4.15 dri2proto >= 1.99.3 x11 xext xxf86vm xdamage xfixes'
GREP=''
INSTALL_DATA='${INSTALL} -m 644'
INSTALL_PROGRAM='${INSTALL}'
INSTALL_SCRIPT='${INSTALL}'
LDFLAGS=''
LIBDRM_CFLAGS='-I/usr/include/drm  '
LIBDRM_LIBS='-ldrm  '
LIBDRM_RADEON_CFLAGS='-I/usr/include/drm  '
LIBDRM_RADEON_LIBS='-ldrm_radeon -ldrm  '
LIBDRM_XORG_CFLAGS=''
LIBDRM_XORG_LIBS=''
LIBKMS_XORG_CFLAGS=''
LIBKMS_XORG_LIBS=''
LIBOBJS=''
LIBS=''
LIB_DIR='lib'
LTLIBOBJS=''
MAKE='make'
MESA_ASM_SOURCES='$(X86_SOURCES)'
MKDEP=''
MKDEP_OPTIONS='-fdepend -I/usr/lib/gcc/i486-linux-gnu/4.4.3/include -I/usr/lib/gcc/i486-linux-gnu/4.4.3/include-fixed'
MKLIB_OPTIONS=''
MOTIF_CFLAGS=''
MOTIF_CONFIG=''
OBJEXT='o'
OPT_FLAGS=''
OSMESA_LIB=''
OSMESA_LIB_DEPS=''
OSMESA_LIB_GLOB='lib$(OSMESA_LIB).*so*'
OSMESA_LIB_NAME='lib$(OSMESA_LIB).so'
OSMESA_MESA_DEPS=''
OSMESA_PC_LIB_PRIV=''
OSMESA_PC_REQ=''
PACKAGE_BUGREPORT='https://bugs.freedesktop.org/enter_bug.cgi?product=Mesa'
PACKAGE_NAME='Mesa'
PACKAGE_STRING='Mesa 7.7.1'
PACKAGE_TARNAME='mesa'
PACKAGE_VERSION='7.7.1'
PATH_SEPARATOR=':'
PIC_FLAGS='-fPIC'
PKG_CONFIG='/usr/bin/pkg-config'
POSIX_SHELL=''
PROGRAM_DIRS='xdemos'
RADEON_CFLAGS='-DHAVE_LIBDRM_RADEON=1 -I/usr/include/drm  '
RADEON_LDFLAGS='-ldrm_radeon -ldrm  '
SED='/bin/sed'
SHELL='/bin/bash'
SRC_DIRS='glx/x11 mesa glew'
USING_EGL='0'
WINDOW_SYSTEM='dri'
X11_INCLUDES='  '
XCB_CFLAGS=''
XCB_LIBS=''
XEXT_CFLAGS=''
XEXT_LIBS=''
XLIBGL_CFLAGS=''
XLIBGL_LIBS=''
XMKMF=''
XORG_CFLAGS=''
XORG_DRIVER_INSTALL_DIR=''
XORG_LIBS=''
X_CFLAGS=''
X_EXTRA_LIBS=''
X_LIBS=''
X_PRE_LIBS=''
ac_ct_CC='gcc'
ac_ct_CXX='g++'
bindir='${exec_prefix}/bin'
build='i686-pc-linux-gnu'
build_alias=''
build_cpu='i686'
build_os='linux-gnu'
build_vendor='pc'
datadir='${datarootdir}'
datarootdir='${prefix}/share'
docdir='${datarootdir}/doc/${PACKAGE_TARNAME}'
dvidir='${docdir}'
exec_prefix='NONE'
host='i686-pc-linux-gnu'
host_alias=''
host_cpu='i686'
host_os='linux-gnu'
host_vendor='pc'
htmldir='${docdir}'
includedir='${prefix}/include'
infodir='${datarootdir}/info'
libdir='${exec_prefix}/lib'
libexecdir='${exec_prefix}/libexec'
localedir='${datarootdir}/locale'
localstatedir='${prefix}/var'
mandir='${datarootdir}/man'
oldincludedir='/usr/include'
pdfdir='${docdir}'
prefix='/home/xeno1/rexeno/rexeno/3rdparties/linux-ububuntu-10-04-noxeno/target/gl-mesa'
program_transform_name='s,x,x,'
psdir='${docdir}'
sbindir='${exec_prefix}/sbin'
sharedstatedir='${prefix}/com'
sysconfdir='${prefix}/etc'
target_alias=''

## ----------- ##
## confdefs.h. ##
## ----------- ##

#define PACKAGE_NAME "Mesa"
#define PACKAGE_TARNAME "mesa"
#define PACKAGE_VERSION "7.7.1"
#define PACKAGE_STRING "Mesa 7.7.1"
#define PACKAGE_BUGREPORT "https://bugs.freedesktop.org/enter_bug.cgi?product=Mesa"

configure: exit 1
