This file contains any messages produced by compilers while
running configure, to aid debugging if configure makes a mistake.

It was created by libXau configure 1.0.5, which was
generated by GNU Autoconf 2.63.  Invocation command line was

  $ ./configure --prefix=/home/xeno1/rexeno/rexeno/3rdparties/linux-ububuntu-10-04-noxeno/target/xau

## --------- ##
## Platform. ##
## --------- ##

hostname = xeno1-desktop
uname -m = i686
uname -r = 2.6.32-24-generic
uname -s = Linux
uname -v = #39-Ubuntu SMP Wed Jul 28 06:07:29 UTC 2010

/usr/bin/uname -p = unknown
/bin/uname -X     = unknown

/bin/arch              = unknown
/usr/bin/arch -k       = unknown
/usr/convex/getsysinfo = unknown
/usr/bin/hostinfo      = unknown
/bin/machine           = unknown
/usr/bin/oslevel       = unknown
/bin/universe          = unknown

PATH: /usr/local/sbin
PATH: /usr/local/bin
PATH: /usr/sbin
PATH: /usr/bin
PATH: /sbin
PATH: /bin
PATH: /usr/games


## ----------- ##
## Core tests. ##
## ----------- ##

configure:2120: checking for a BSD-compatible install
configure:2188: result: /usr/bin/install -c
configure:2199: checking whether build environment is sane
configure:2259: result: yes
configure:2400: checking for a thread-safe mkdir -p
configure:2439: result: /bin/mkdir -p
configure:2452: checking for gawk
configure:2468: found /usr/bin/gawk
configure:2479: result: gawk
configure:2490: checking whether make sets $(MAKE)
configure:2512: result: yes
configure:2595: checking whether to enable maintainer-specific portions of Makefiles
configure:2604: result: no
configure:2682: checking for gcc
configure:2698: found /usr/bin/gcc
configure:2709: result: gcc
configure:2941: checking for C compiler version
configure:2949: gcc --version >&5
gcc (Ubuntu 4.4.3-4ubuntu5.1) 4.4.3
Copyright (C) 2009 Free Software Foundation, Inc.
This is free software; see the source for copying conditions.  There is NO
warranty; not even for MERCHANTABILITY or FITNESS FOR A PARTICULAR PURPOSE.

configure:2953: $? = 0
configure:2960: gcc -v >&5
Using built-in specs.
Target: i486-linux-gnu
Configured with: ../src/configure -v --with-pkgversion='Ubuntu 4.4.3-4ubuntu5.1' --with-bugurl=file:///usr/share/doc/gcc-4.4/README.Bugs --enable-languages=c,c++,fortran,objc,obj-c++ --prefix=/usr --enable-shared --enable-multiarch --enable-linker-build-id --with-system-zlib --libexecdir=/usr/lib --without-included-gettext --enable-threads=posix --with-gxx-include-dir=/usr/include/c++/4.4 --program-suffix=-4.4 --enable-nls --enable-clocale=gnu --enable-libstdcxx-debug --enable-plugin --enable-objc-gc --enable-targets=all --disable-werror --with-arch-32=i486 --with-tune=generic --enable-checking=release --build=i486-linux-gnu --host=i486-linux-gnu --target=i486-linux-gnu
Thread model: posix
gcc version 4.4.3 (Ubuntu 4.4.3-4ubuntu5.1) 
configure:2964: $? = 0
configure:2971: gcc -V >&5
gcc: '-V' option must have argument
configure:2975: $? = 1
configure:2998: checking for C compiler default output file name
configure:3020: gcc    conftest.c  >&5
configure:3024: $? = 0
configure:3062: result: a.out
configure:3081: checking whether the C compiler works
configure:3091: ./a.out
configure:3095: $? = 0
configure:3114: result: yes
configure:3121: checking whether we are cross compiling
configure:3123: result: no
configure:3126: checking for suffix of executables
configure:3133: gcc -o conftest    conftest.c  >&5
configure:3137: $? = 0
configure:3163: result: 
configure:3169: checking for suffix of object files
configure:3195: gcc -c   conftest.c >&5
configure:3199: $? = 0
configure:3224: result: o
configure:3228: checking whether we are using the GNU C compiler
configure:3257: gcc -c   conftest.c >&5
configure:3264: $? = 0
configure:3281: result: yes
configure:3290: checking whether gcc accepts -g
configure:3320: gcc -c -g  conftest.c >&5
configure:3327: $? = 0
configure:3428: result: yes
configure:3445: checking for gcc option to accept ISO C89
configure:3519: gcc  -c -g -O2  conftest.c >&5
configure:3526: $? = 0
configure:3549: result: none needed
configure:3578: checking for style of include used by make
configure:3606: result: GNU
configure:3631: checking dependency style of gcc
configure:3741: result: gcc3
configure:3770: checking for a BSD-compatible install
configure:3838: result: /usr/bin/install -c
configure:3849: checking whether ln -s works
configure:3853: result: yes
configure:3866: checking build system type
configure:3884: result: i686-pc-linux-gnu
configure:3906: checking host system type
configure:3921: result: i686-pc-linux-gnu
configure:4271: checking for a sed that does not truncate output
configure:4337: result: /bin/sed
configure:4355: checking for grep that handles long lines and -e
configure:4415: result: /bin/grep
configure:4420: checking for egrep
configure:4484: result: /bin/grep -E
configure:4489: checking for fgrep
configure:4553: result: /bin/grep -F
configure:4588: checking for ld used by gcc
configure:4655: result: /usr/bin/ld
configure:4664: checking if the linker (/usr/bin/ld) is GNU ld
configure:4679: result: yes
configure:4691: checking for BSD- or MS-compatible name lister (nm)
configure:4740: result: /usr/bin/nm -B
configure:4858: checking the name lister (/usr/bin/nm -B) interface
configure:4865: gcc -c -g -O2  conftest.c >&5
configure:4868: /usr/bin/nm -B "conftest.o"
configure:4871: output
00000000 B some_variable
configure:4878: result: BSD nm
configure:4882: checking the maximum length of command line arguments
configure:5002: result: 1572864
configure:5019: checking whether the shell understands some XSI constructs
configure:5029: result: yes
configure:5033: checking whether the shell understands "+="
configure:5039: result: yes
configure:5074: checking for /usr/bin/ld option to reload object files
configure:5081: result: -r
configure:5150: checking for objdump
configure:5177: result: objdump
configure:5206: checking how to recognize dependent libraries
configure:5402: result: pass_all
configure:5462: checking for ar
configure:5478: found /usr/bin/ar
configure:5489: result: ar
configure:5567: checking for strip
configure:5583: found /usr/bin/strip
configure:5594: result: strip
configure:5666: checking for ranlib
configure:5682: found /usr/bin/ranlib
configure:5693: result: ranlib
configure:5783: checking command to parse /usr/bin/nm -B output from gcc object
configure:5901: gcc -c -g -O2  conftest.c >&5
configure:5904: $? = 0
configure:5908: /usr/bin/nm -B conftest.o \| sed -n -e 's/^.*[	 ]\([ABCDGIRSTW][ABCDGIRSTW]*\)[	 ][	 ]*\([_A-Za-z][_A-Za-z0-9]*\)$/\1 \2 \2/p' \> conftest.nm
configure:5911: $? = 0
configure:5965: gcc -o conftest -g -O2   conftest.c conftstm.o >&5
configure:5968: $? = 0
configure:6006: result: ok
configure:6873: checking how to run the C preprocessor
configure:6913: gcc -E  conftest.c
configure:6920: $? = 0
configure:6951: gcc -E  conftest.c
conftest.c:10:28: error: ac_nonexistent.h: No such file or directory
configure:6958: $? = 1
configure: failed program was:
| /* confdefs.h.  */
| #define PACKAGE_NAME "libXau"
| #define PACKAGE_TARNAME "libXau"
| #define PACKAGE_VERSION "1.0.5"
| #define PACKAGE_STRING "libXau 1.0.5"
| #define PACKAGE_BUGREPORT "https://bugs.freedesktop.org/enter_bug.cgi?product=xorg"
| #define PACKAGE "libXau"
| #define VERSION "1.0.5"
| /* end confdefs.h.  */
| #include <ac_nonexistent.h>
configure:6991: result: gcc -E
configure:7020: gcc -E  conftest.c
configure:7027: $? = 0
configure:7058: gcc -E  conftest.c
conftest.c:10:28: error: ac_nonexistent.h: No such file or directory
configure:7065: $? = 1
configure: failed program was:
| /* confdefs.h.  */
| #define PACKAGE_NAME "libXau"
| #define PACKAGE_TARNAME "libXau"
| #define PACKAGE_VERSION "1.0.5"
| #define PACKAGE_STRING "libXau 1.0.5"
| #define PACKAGE_BUGREPORT "https://bugs.freedesktop.org/enter_bug.cgi?product=xorg"
| #define PACKAGE "libXau"
| #define VERSION "1.0.5"
| /* end confdefs.h.  */
| #include <ac_nonexistent.h>
configure:7105: checking for ANSI C header files
configure:7135: gcc -c -g -O2  conftest.c >&5
configure:7142: $? = 0
configure:7241: gcc -o conftest -g -O2   conftest.c  >&5
configure:7245: $? = 0
configure:7251: ./conftest
configure:7255: $? = 0
configure:7273: result: yes
configure:7297: checking for sys/types.h
configure:7318: gcc -c -g -O2  conftest.c >&5
configure:7325: $? = 0
configure:7342: result: yes
configure:7297: checking for sys/stat.h
configure:7318: gcc -c -g -O2  conftest.c >&5
configure:7325: $? = 0
configure:7342: result: yes
configure:7297: checking for stdlib.h
configure:7318: gcc -c -g -O2  conftest.c >&5
configure:7325: $? = 0
configure:7342: result: yes
configure:7297: checking for string.h
configure:7318: gcc -c -g -O2  conftest.c >&5
configure:7325: $? = 0
configure:7342: result: yes
configure:7297: checking for memory.h
configure:7318: gcc -c -g -O2  conftest.c >&5
configure:7325: $? = 0
configure:7342: result: yes
configure:7297: checking for strings.h
configure:7318: gcc -c -g -O2  conftest.c >&5
configure:7325: $? = 0
configure:7342: result: yes
configure:7297: checking for inttypes.h
configure:7318: gcc -c -g -O2  conftest.c >&5
configure:7325: $? = 0
configure:7342: result: yes
configure:7297: checking for stdint.h
configure:7318: gcc -c -g -O2  conftest.c >&5
configure:7325: $? = 0
configure:7342: result: yes
configure:7297: checking for unistd.h
configure:7318: gcc -c -g -O2  conftest.c >&5
configure:7325: $? = 0
configure:7342: result: yes
configure:7360: checking for dlfcn.h
configure:7381: gcc -c -g -O2  conftest.c >&5
configure:7388: $? = 0
configure:7405: result: yes
configure:7589: checking for objdir
configure:7604: result: .libs
configure:7896: checking if gcc supports -fno-rtti -fno-exceptions
configure:7914: gcc -c -g -O2  -fno-rtti -fno-exceptions conftest.c >&5
cc1: warning: command line option "-fno-rtti" is valid for C++/ObjC++ but not for C
configure:7918: $? = 0
configure:7931: result: no
configure:7951: checking for gcc option to produce PIC
configure:8223: result: -fPIC -DPIC
configure:8235: checking if gcc PIC flag -fPIC -DPIC works
configure:8253: gcc -c -g -O2  -fPIC -DPIC -DPIC conftest.c >&5
configure:8257: $? = 0
configure:8270: result: yes
configure:8294: checking if gcc static flag -static works
configure:8322: result: yes
configure:8337: checking if gcc supports -c -o file.o
configure:8358: gcc -c -g -O2  -o out/conftest2.o conftest.c >&5
configure:8362: $? = 0
configure:8384: result: yes
configure:8392: checking if gcc supports -c -o file.o
configure:8439: result: yes
configure:8472: checking whether the gcc linker (/usr/bin/ld) supports shared libraries
configure:9546: result: yes
configure:9583: checking whether -lc should be explicitly linked in
configure:9588: gcc -c -g -O2  conftest.c >&5
configure:9591: $? = 0
configure:9606: gcc -shared conftest.o  -v -Wl,-soname -Wl,conftest -o conftest 2\>\&1 \| /bin/grep  -lc  \>/dev/null 2\>\&1
configure:9609: $? = 0
configure:9621: result: no
configure:9785: checking dynamic linker characteristics
configure:10228: gcc -o conftest -g -O2   -Wl,-rpath -Wl,/foo conftest.c  >&5
configure:10235: $? = 0
configure:10471: result: GNU/Linux ld.so
configure:10573: checking how to hardcode library paths into programs
configure:10598: result: immediate
configure:11431: checking whether stripping libraries is possible
configure:11436: result: yes
configure:11471: checking if libtool supports shared libraries
configure:11473: result: yes
configure:11476: checking whether to build shared libraries
configure:11497: result: yes
configure:11500: checking whether to build static libraries
configure:11504: result: yes
configure:11539: checking whether make sets $(MAKE)
configure:11561: result: yes
configure:11709: checking for pkg-config
configure:11727: found /usr/bin/pkg-config
configure:11739: result: /usr/bin/pkg-config
configure:11764: checking pkg-config is at least version 0.9.0
configure:11767: result: yes
configure:11778: checking for XAU
configure:11785: $PKG_CONFIG --exists --print-errors "xproto"
configure:11788: $? = 0
configure:11801: $PKG_CONFIG --exists --print-errors "xproto"
configure:11804: $? = 0
configure:11881: result: yes
configure:11903: checking for gethostbyname_r in -lc
configure:11938: gcc -o conftest -g -O2   conftest.c -lc   >&5
configure:11945: $? = 0
configure:11966: result: yes
configure:12399: creating ./config.status

## ---------------------- ##
## Running config.status. ##
## ---------------------- ##

This file was extended by libXau config.status 1.0.5, which was
generated by GNU Autoconf 2.63.  Invocation command line was

  CONFIG_FILES    = 
  CONFIG_HEADERS  = 
  CONFIG_LINKS    = 
  CONFIG_COMMANDS = 
  $ ./config.status 

on xeno1-desktop

config.status:1027: creating Makefile
config.status:1027: creating xau.pc
config.status:1027: creating config.h
config.status:1301: executing depfiles commands
config.status:1301: executing libtool commands

## ---------------- ##
## Cache variables. ##
## ---------------- ##

ac_cv_build=i686-pc-linux-gnu
ac_cv_c_compiler_gnu=yes
ac_cv_env_CC_set=
ac_cv_env_CC_value=
ac_cv_env_CFLAGS_set=
ac_cv_env_CFLAGS_value=
ac_cv_env_CPPFLAGS_set=
ac_cv_env_CPPFLAGS_value=
ac_cv_env_CPP_set=
ac_cv_env_CPP_value=
ac_cv_env_LDFLAGS_set=
ac_cv_env_LDFLAGS_value=
ac_cv_env_LIBS_set=
ac_cv_env_LIBS_value=
ac_cv_env_PKG_CONFIG_set=
ac_cv_env_PKG_CONFIG_value=
ac_cv_env_XAU_CFLAGS_set=
ac_cv_env_XAU_CFLAGS_value=
ac_cv_env_XAU_LIBS_set=
ac_cv_env_XAU_LIBS_value=
ac_cv_env_build_alias_set=
ac_cv_env_build_alias_value=
ac_cv_env_host_alias_set=
ac_cv_env_host_alias_value=
ac_cv_env_target_alias_set=
ac_cv_env_target_alias_value=
ac_cv_header_dlfcn_h=yes
ac_cv_header_inttypes_h=yes
ac_cv_header_memory_h=yes
ac_cv_header_stdc=yes
ac_cv_header_stdint_h=yes
ac_cv_header_stdlib_h=yes
ac_cv_header_string_h=yes
ac_cv_header_strings_h=yes
ac_cv_header_sys_stat_h=yes
ac_cv_header_sys_types_h=yes
ac_cv_header_unistd_h=yes
ac_cv_host=i686-pc-linux-gnu
ac_cv_lib_c_gethostbyname_r=yes
ac_cv_objext=o
ac_cv_path_EGREP='/bin/grep -E'
ac_cv_path_FGREP='/bin/grep -F'
ac_cv_path_GREP=/bin/grep
ac_cv_path_SED=/bin/sed
ac_cv_path_ac_pt_PKG_CONFIG=/usr/bin/pkg-config
ac_cv_path_install='/usr/bin/install -c'
ac_cv_path_mkdir=/bin/mkdir
ac_cv_prog_AWK=gawk
ac_cv_prog_CPP='gcc -E'
ac_cv_prog_ac_ct_AR=ar
ac_cv_prog_ac_ct_CC=gcc
ac_cv_prog_ac_ct_OBJDUMP=objdump
ac_cv_prog_ac_ct_RANLIB=ranlib
ac_cv_prog_ac_ct_STRIP=strip
ac_cv_prog_cc_c89=
ac_cv_prog_cc_g=yes
ac_cv_prog_make_make_set=yes
am_cv_CC_dependencies_compiler_type=gcc3
lt_cv_deplibs_check_method=pass_all
lt_cv_file_magic_cmd='$MAGIC_CMD'
lt_cv_file_magic_test_file=
lt_cv_ld_reload_flag=-r
lt_cv_nm_interface='BSD nm'
lt_cv_objdir=.libs
lt_cv_path_LD=/usr/bin/ld
lt_cv_path_NM='/usr/bin/nm -B'
lt_cv_prog_compiler_c_o=yes
lt_cv_prog_compiler_pic_works=yes
lt_cv_prog_compiler_rtti_exceptions=no
lt_cv_prog_compiler_static_works=yes
lt_cv_prog_gnu_ld=yes
lt_cv_sys_global_symbol_pipe='sed -n -e '\''s/^.*[	 ]\([ABCDGIRSTW][ABCDGIRSTW]*\)[	 ][	 ]*\([_A-Za-z][_A-Za-z0-9]*\)$/\1 \2 \2/p'\'''
lt_cv_sys_global_symbol_to_c_name_address='sed -n -e '\''s/^: \([^ ]*\) $/  {\"\1\", (void *) 0},/p'\'' -e '\''s/^[ABCDGIRSTW]* \([^ ]*\) \([^ ]*\)$/  {"\2", (void *) \&\2},/p'\'''
lt_cv_sys_global_symbol_to_c_name_address_lib_prefix='sed -n -e '\''s/^: \([^ ]*\) $/  {\"\1\", (void *) 0},/p'\'' -e '\''s/^[ABCDGIRSTW]* \([^ ]*\) \(lib[^ ]*\)$/  {"\2", (void *) \&\2},/p'\'' -e '\''s/^[ABCDGIRSTW]* \([^ ]*\) \([^ ]*\)$/  {"lib\2", (void *) \&\2},/p'\'''
lt_cv_sys_global_symbol_to_cdecl='sed -n -e '\''s/^T .* \(.*\)$/extern int \1();/p'\'' -e '\''s/^[ABCDGIRSTW]* .* \(.*\)$/extern char \1;/p'\'''
lt_cv_sys_max_cmd_len=1572864
pkg_cv_XAU_CFLAGS=' '
pkg_cv_XAU_LIBS=' '

## ----------------- ##
## Output variables. ##
## ----------------- ##

ACLOCAL='${SHELL} /home/xeno1/rexeno/rexeno/3rdparties/linux-ububuntu-10-04-noxeno/src/xau/libxau-1.0.5/missing --run aclocal-1.11'
ADMIN_MAN_DIR='$(mandir)/man$(ADMIN_MAN_SUFFIX)'
ADMIN_MAN_SUFFIX='8'
AMDEPBACKSLASH='\'
AMDEP_FALSE='#'
AMDEP_TRUE=''
AMTAR='${SHELL} /home/xeno1/rexeno/rexeno/3rdparties/linux-ububuntu-10-04-noxeno/src/xau/libxau-1.0.5/missing --run tar'
AM_BACKSLASH='\'
AM_DEFAULT_VERBOSITY='0'
APP_MAN_DIR='$(mandir)/man$(APP_MAN_SUFFIX)'
APP_MAN_SUFFIX='1'
AR='ar'
AS='as'
AUTOCONF='${SHELL} /home/xeno1/rexeno/rexeno/3rdparties/linux-ububuntu-10-04-noxeno/src/xau/libxau-1.0.5/missing --run autoconf'
AUTOHEADER='${SHELL} /home/xeno1/rexeno/rexeno/3rdparties/linux-ububuntu-10-04-noxeno/src/xau/libxau-1.0.5/missing --run autoheader'
AUTOMAKE='${SHELL} /home/xeno1/rexeno/rexeno/3rdparties/linux-ububuntu-10-04-noxeno/src/xau/libxau-1.0.5/missing --run automake-1.11'
AWK='gawk'
CC='gcc'
CCDEPMODE='depmode=gcc3'
CFLAGS='-g -O2'
CHANGELOG_CMD='(GIT_DIR=$(top_srcdir)/.git git log > .changelog.tmp && mv .changelog.tmp ChangeLog) || (rm -f .changelog.tmp; touch ChangeLog; echo '\''git directory not found: installing possibly empty changelog.'\'' >&2)'
CPP='gcc -E'
CPPFLAGS=''
CWARNFLAGS='-Wall -Wpointer-arith -Wstrict-prototypes -Wmissing-prototypes -Wmissing-declarations -Wnested-externs -fno-strict-aliasing -Wbad-function-cast -Wold-style-definition -Wdeclaration-after-statement'
CYGPATH_W='echo'
DEFS='-DHAVE_CONFIG_H'
DEPDIR='.deps'
DLLTOOL='dlltool'
DRIVER_MAN_DIR='$(mandir)/man$(DRIVER_MAN_SUFFIX)'
DRIVER_MAN_SUFFIX='4'
DSYMUTIL=''
DUMPBIN=''
ECHO_C=''
ECHO_N='-n'
ECHO_T=''
EGREP='/bin/grep -E'
EXEEXT=''
FGREP='/bin/grep -F'
FILE_MAN_DIR='$(mandir)/man$(FILE_MAN_SUFFIX)'
FILE_MAN_SUFFIX='5'
GREP='/bin/grep'
INSTALL_DATA='${INSTALL} -m 644'
INSTALL_PROGRAM='${INSTALL}'
INSTALL_SCRIPT='${INSTALL}'
INSTALL_STRIP_PROGRAM='$(install_sh) -c -s'
LD='/usr/bin/ld'
LDFLAGS=''
LIBOBJS=''
LIBS=''
LIBTOOL='$(SHELL) $(top_builddir)/libtool'
LIB_MAN_DIR='$(mandir)/man$(LIB_MAN_SUFFIX)'
LIB_MAN_SUFFIX='3'
LINT='no'
LINTLIB=''
LINT_FALSE=''
LINT_FLAGS=' -Wall -Wpointer-arith -Wstrict-prototypes -Wmissing-prototypes -Wmissing-declarations -Wnested-externs -fno-strict-aliasing -Wbad-function-cast -Wold-style-definition -Wdeclaration-after-statement   '
LINT_TRUE='#'
LIPO=''
LN_S='ln -s'
LTLIBOBJS=''
MAINT='#'
MAINTAINER_MODE_FALSE=''
MAINTAINER_MODE_TRUE='#'
MAKEINFO='${SHELL} /home/xeno1/rexeno/rexeno/3rdparties/linux-ububuntu-10-04-noxeno/src/xau/libxau-1.0.5/missing --run makeinfo'
MAKE_LINT_LIB_FALSE=''
MAKE_LINT_LIB_TRUE='#'
MISC_MAN_DIR='$(mandir)/man$(MISC_MAN_SUFFIX)'
MISC_MAN_SUFFIX='7'
MKDIR_P='/bin/mkdir -p'
NM='/usr/bin/nm -B'
NMEDIT=''
OBJDUMP='objdump'
OBJEXT='o'
OTOOL64=''
OTOOL=''
PACKAGE='libXau'
PACKAGE_BUGREPORT='https://bugs.freedesktop.org/enter_bug.cgi?product=xorg'
PACKAGE_NAME='libXau'
PACKAGE_STRING='libXau 1.0.5'
PACKAGE_TARNAME='libXau'
PACKAGE_VERSION='1.0.5'
PATH_SEPARATOR=':'
PKG_CONFIG='/usr/bin/pkg-config'
RANLIB='ranlib'
SED='/bin/sed'
SET_MAKE=''
SHELL='/bin/bash'
STRIP='strip'
VERSION='1.0.5'
XAU_CFLAGS='-Wall -Wpointer-arith -Wstrict-prototypes -Wmissing-prototypes -Wmissing-declarations -Wnested-externs -fno-strict-aliasing -Wbad-function-cast -Wold-style-definition -Wdeclaration-after-statement   '
XAU_LIBS=' '
ac_ct_CC='gcc'
ac_ct_DUMPBIN=''
am__EXEEXT_FALSE=''
am__EXEEXT_TRUE='#'
am__fastdepCC_FALSE='#'
am__fastdepCC_TRUE=''
am__include='include'
am__isrc=''
am__leading_dot='.'
am__quote=''
am__tar='${AMTAR} chof - "$$tardir"'
am__untar='${AMTAR} xf -'
bindir='${exec_prefix}/bin'
build='i686-pc-linux-gnu'
build_alias=''
build_cpu='i686'
build_os='linux-gnu'
build_vendor='pc'
datadir='${datarootdir}'
datarootdir='${prefix}/share'
distcleancheck_listfiles='find . -type f ! -name ChangeLog -print'
docdir='${datarootdir}/doc/${PACKAGE_TARNAME}'
dvidir='${docdir}'
exec_prefix='${prefix}'
host='i686-pc-linux-gnu'
host_alias=''
host_cpu='i686'
host_os='linux-gnu'
host_vendor='pc'
htmldir='${docdir}'
includedir='${prefix}/include'
infodir='${datarootdir}/info'
install_sh='${SHELL} /home/xeno1/rexeno/rexeno/3rdparties/linux-ububuntu-10-04-noxeno/src/xau/libxau-1.0.5/install-sh'
libdir='${exec_prefix}/lib'
libexecdir='${exec_prefix}/libexec'
localedir='${datarootdir}/locale'
localstatedir='${prefix}/var'
lt_ECHO='echo'
mandir='${datarootdir}/man'
mkdir_p='/bin/mkdir -p'
oldincludedir='/usr/include'
pdfdir='${docdir}'
prefix='/home/xeno1/rexeno/rexeno/3rdparties/linux-ububuntu-10-04-noxeno/target/xau'
program_transform_name='s,x,x,'
psdir='${docdir}'
sbindir='${exec_prefix}/sbin'
sharedstatedir='${prefix}/com'
sysconfdir='${prefix}/etc'
target_alias=''

## ----------- ##
## confdefs.h. ##
## ----------- ##

#define PACKAGE_NAME "libXau"
#define PACKAGE_TARNAME "libXau"
#define PACKAGE_VERSION "1.0.5"
#define PACKAGE_STRING "libXau 1.0.5"
#define PACKAGE_BUGREPORT "https://bugs.freedesktop.org/enter_bug.cgi?product=xorg"
#define PACKAGE "libXau"
#define VERSION "1.0.5"
#define STDC_HEADERS 1
#define HAVE_SYS_TYPES_H 1
#define HAVE_SYS_STAT_H 1
#define HAVE_STDLIB_H 1
#define HAVE_STRING_H 1
#define HAVE_MEMORY_H 1
#define HAVE_STRINGS_H 1
#define HAVE_INTTYPES_H 1
#define HAVE_STDINT_H 1
#define HAVE_UNISTD_H 1
#define HAVE_DLFCN_H 1
#define LT_OBJDIR ".libs/"
#define XTHREADS 1
#define XUSE_MTSAFE_API 1
#define PACKAGE_VERSION_MAJOR 1
#define PACKAGE_VERSION_MINOR 0
#define PACKAGE_VERSION_PATCHLEVEL 5

configure: exit 0
